#
# There is insufficient memory for the Java Runtime Environment to continue.
# Native memory allocation (malloc) failed to allocate 1260816 bytes for Chunk::new
# Possible reasons:
#   The system is out of physical RAM or swap space
#   The process is running with CompressedOops enabled, and the Java Heap may be blocking the growth of the native heap
# Possible solutions:
#   Reduce memory load on the system
#   Increase physical memory or swap space
#   Check if swap backing store is full
#   Decrease Java heap size (-Xmx/-Xms)
#   Decrease number of Java threads
#   Decrease Java thread stack sizes (-Xss)
#   Set larger code cache with -XX:ReservedCodeCacheSize=
#   JVM is running with Unscaled Compressed Oops mode in which the Java heap is
#     placed in the first 4GB address space. The Java Heap base address is the
#     maximum limit for the native heap growth. Please use -XX:HeapBaseMinAddress
#     to set the Java Heap base and to place the Java Heap above 4GB virtual address.
# This output file may be truncated or incomplete.
#
#  Out of Memory Error (arena.cpp:191), pid=13664, tid=7548
#
# JRE version: OpenJDK Runtime Environment JBR-17.0.9+8-1166.2-nomod (17.0.9+8) (build 17.0.9+8-b1166.2)
# Java VM: OpenJDK 64-Bit Server VM JBR-17.0.9+8-1166.2-nomod (17.0.9+8-b1166.2, mixed mode, tiered, compressed oops, compressed class ptrs, g1 gc, windows-amd64)
# No core dump will be written. Minidumps are not enabled by default on client versions of Windows
#

---------------  S U M M A R Y ------------

Command Line: --add-opens=java.base/java.util=ALL-UNNAMED --add-opens=java.base/java.lang=ALL-UNNAMED --add-opens=java.base/java.lang.invoke=ALL-UNNAMED --add-opens=java.prefs/java.util.prefs=ALL-UNNAMED --add-opens=java.base/java.nio.charset=ALL-UNNAMED --add-opens=java.base/java.net=ALL-UNNAMED --add-opens=java.base/java.util.concurrent.atomic=ALL-UNNAMED -XX:MaxMetaspaceSize=384m -XX:+HeapDumpOnOutOfMemoryError -Xms256m -Xmx512m -Dfile.encoding=windows-1252 -Duser.country=IN -Duser.language=en -Duser.variant -javaagent:C:\Users\spraj\.gradle\wrapper\dists\gradle-8.5-bin\5t9huq95ubn472n8rpzujfbqh\gradle-8.5\lib\agents\gradle-instrumentation-agent-8.5.jar org.gradle.launcher.daemon.bootstrap.GradleDaemon 8.5

Host: Intel(R) Core(TM) i5-10210U CPU @ 1.60GHz, 8 cores, 7G,  Windows 11 , 64 bit Build 22621 (10.0.22621.3085)
Time: Sun Feb 11 17:34:44 2024 US Eastern Standard Time elapsed time: 720.291439 seconds (0d 0h 12m 0s)

---------------  T H R E A D  ---------------

Current thread (0x000001fa69e80950):  JavaThread "C2 CompilerThread1" daemon [_thread_in_native, id=7548, stack(0x000000d747800000,0x000000d747900000)]


Current CompileTask:
C2: 720291 14280       4       io.spring.gradle.dependencymanagement.org.apache.maven.model.building.DefaultModelBuilder::checkPluginVersions (392 bytes)

Stack: [0x000000d747800000,0x000000d747900000]
Native frames: (J=compiled Java code, j=interpreted, Vv=VM code, C=native code)
V  [jvm.dll+0x688349]  os::platform_print_native_stack+0xd9  (os_windows_x86.cpp:235)
V  [jvm.dll+0x841bfa]  VMError::report+0xc6a  (vmError.cpp:855)
V  [jvm.dll+0x84383e]  VMError::report_and_die+0x78e  (vmError.cpp:1749)
V  [jvm.dll+0x843ea3]  VMError::report_and_die+0x43  (vmError.cpp:1535)
V  [jvm.dll+0x24bdef]  report_vm_out_of_memory+0x8f  (debug.cpp:321)
V  [jvm.dll+0xac44c]  Chunk::operator new+0xcc  (arena.cpp:191)
V  [jvm.dll+0xaca9c]  Arena::grow+0x3c  (arena.cpp:352)
V  [jvm.dll+0x36be22]  PhaseIFG::init+0xa2  (ifg.cpp:50)
V  [jvm.dll+0x1be436]  PhaseChaitin::Register_Allocate+0x496  (chaitin.cpp:480)
V  [jvm.dll+0x21dbb9]  Compile::Code_Gen+0x3b9  (compile.cpp:2746)
V  [jvm.dll+0x21ce81]  Compile::Compile+0xe61  (compile.cpp:836)
V  [jvm.dll+0x1a66dd]  C2Compiler::compile_method+0xad  (c2compiler.cpp:110)
V  [jvm.dll+0x22cd28]  CompileBroker::invoke_compiler_on_method+0x878  (compileBroker.cpp:2357)
V  [jvm.dll+0x22ae60]  CompileBroker::compiler_thread_loop+0x2d0  (compileBroker.cpp:2015)
V  [jvm.dll+0x7f6087]  JavaThread::run+0x147  (thread.cpp:1299)
V  [jvm.dll+0x7f043a]  Thread::call_run+0x8a  (thread.cpp:405)
V  [jvm.dll+0x6871c5]  thread_native_entry+0x75  (os_windows.cpp:550)
C  [ucrtbase.dll+0x29363]
C  [KERNEL32.DLL+0x1257d]
C  [ntdll.dll+0x5aa58]


---------------  P R O C E S S  ---------------

Threads class SMR info:
_java_thread_list=0x000001fa6ca422d0, length=40, elements={
0x000001fa4d05de50, 0x000001fa638bcb30, 0x000001fa638be1e0, 0x000001fa63a5f5b0,
0x000001fa63a5ff80, 0x000001fa63a62950, 0x000001fa63a797b0, 0x000001fa63a7ab50,
0x000001fa63a7c490, 0x000001fa63a7f2a0, 0x000001fa63858750, 0x000001fa63d463a0,
0x000001fa696ae040, 0x000001fa697c4b00, 0x000001fa692aaa50, 0x000001fa688fce80,
0x000001fa688fe7d0, 0x000001fa688fc460, 0x000001fa688fba40, 0x000001fa688fc970,
0x000001fa6a7623d0, 0x000001fa6a7674d0, 0x000001fa6a766ab0, 0x000001fa6a762df0,
0x000001fa6a765b80, 0x000001fa6a763300, 0x000001fa6a760570, 0x000001fa6a763810,
0x000001fa6a765160, 0x000001fa6a760060, 0x000001fa6a6cbdf0, 0x000001fa6c130050,
0x000001fa6b705690, 0x000001fa6b707f10, 0x000001fa69e80950, 0x000001fa6b70c0e0,
0x000001fa6a6c9a80, 0x000001fa6a6cd740, 0x000001fa6a6ce160, 0x000001fa6a6ce670
}

Java Threads: ( => current thread )
  0x000001fa4d05de50 JavaThread "main" [_thread_blocked, id=13920, stack(0x000000d743a00000,0x000000d743b00000)]
  0x000001fa638bcb30 JavaThread "Reference Handler" daemon [_thread_blocked, id=3112, stack(0x000000d744100000,0x000000d744200000)]
  0x000001fa638be1e0 JavaThread "Finalizer" daemon [_thread_blocked, id=23016, stack(0x000000d744200000,0x000000d744300000)]
  0x000001fa63a5f5b0 JavaThread "Signal Dispatcher" daemon [_thread_blocked, id=11224, stack(0x000000d744300000,0x000000d744400000)]
  0x000001fa63a5ff80 JavaThread "Attach Listener" daemon [_thread_blocked, id=1680, stack(0x000000d744400000,0x000000d744500000)]
  0x000001fa63a62950 JavaThread "Service Thread" daemon [_thread_blocked, id=17320, stack(0x000000d744500000,0x000000d744600000)]
  0x000001fa63a797b0 JavaThread "Monitor Deflation Thread" daemon [_thread_blocked, id=22912, stack(0x000000d744600000,0x000000d744700000)]
  0x000001fa63a7ab50 JavaThread "C2 CompilerThread0" daemon [_thread_blocked, id=22980, stack(0x000000d744700000,0x000000d744800000)]
  0x000001fa63a7c490 JavaThread "C1 CompilerThread0" daemon [_thread_blocked, id=5352, stack(0x000000d744800000,0x000000d744900000)]
  0x000001fa63a7f2a0 JavaThread "Sweeper thread" daemon [_thread_blocked, id=11260, stack(0x000000d744900000,0x000000d744a00000)]
  0x000001fa63858750 JavaThread "Common-Cleaner" daemon [_thread_blocked, id=12968, stack(0x000000d744a00000,0x000000d744b00000)]
  0x000001fa63d463a0 JavaThread "Notification Thread" daemon [_thread_blocked, id=8856, stack(0x000000d744b00000,0x000000d744c00000)]
  0x000001fa696ae040 JavaThread "Daemon health stats" [_thread_blocked, id=2824, stack(0x000000d745200000,0x000000d745300000)]
  0x000001fa697c4b00 JavaThread "Incoming local TCP Connector on port 56700" [_thread_in_native, id=10196, stack(0x000000d745300000,0x000000d745400000)]
  0x000001fa692aaa50 JavaThread "Daemon periodic checks" [_thread_blocked, id=11436, stack(0x000000d745400000,0x000000d745500000)]
  0x000001fa688fce80 JavaThread "Cache worker for journal cache (C:\Users\spraj\.gradle\caches\journal-1)" [_thread_blocked, id=24432, stack(0x000000d745f00000,0x000000d746000000)]
  0x000001fa688fe7d0 JavaThread "File lock request listener" [_thread_in_native, id=8056, stack(0x000000d746000000,0x000000d746100000)]
  0x000001fa688fc460 JavaThread "Cache worker for file hash cache (C:\Users\spraj\.gradle\caches\8.5\fileHashes)" [_thread_blocked, id=7444, stack(0x000000d746100000,0x000000d746200000)]
  0x000001fa688fba40 JavaThread "File watcher server" daemon [_thread_in_native, id=4632, stack(0x000000d746200000,0x000000d746300000)]
  0x000001fa688fc970 JavaThread "File watcher consumer" daemon [_thread_blocked, id=7496, stack(0x000000d746300000,0x000000d746400000)]
  0x000001fa6a7623d0 JavaThread "Cache worker for file content cache (C:\Users\spraj\.gradle\caches\8.5\fileContent)" [_thread_blocked, id=19032, stack(0x000000d746800000,0x000000d746900000)]
  0x000001fa6a7674d0 JavaThread "Cache worker for execution history cache (C:\Users\spraj\.gradle\caches\8.5\executionHistory)" [_thread_blocked, id=18544, stack(0x000000d746900000,0x000000d746a00000)]
  0x000001fa6a766ab0 JavaThread "jar transforms" [_thread_blocked, id=21688, stack(0x000000d746a00000,0x000000d746b00000)]
  0x000001fa6a762df0 JavaThread "jar transforms Thread 2" [_thread_blocked, id=23032, stack(0x000000d746b00000,0x000000d746c00000)]
  0x000001fa6a765b80 JavaThread "jar transforms Thread 3" [_thread_blocked, id=20092, stack(0x000000d746c00000,0x000000d746d00000)]
  0x000001fa6a763300 JavaThread "jar transforms Thread 4" [_thread_blocked, id=18772, stack(0x000000d746d00000,0x000000d746e00000)]
  0x000001fa6a760570 JavaThread "jar transforms Thread 5" [_thread_blocked, id=11100, stack(0x000000d746e00000,0x000000d746f00000)]
  0x000001fa6a763810 JavaThread "jar transforms Thread 6" [_thread_blocked, id=14476, stack(0x000000d746f00000,0x000000d747000000)]
  0x000001fa6a765160 JavaThread "jar transforms Thread 7" [_thread_blocked, id=2284, stack(0x000000d747000000,0x000000d747100000)]
  0x000001fa6a760060 JavaThread "jar transforms Thread 8" [_thread_blocked, id=1728, stack(0x000000d747100000,0x000000d747200000)]
  0x000001fa6a6cbdf0 JavaThread "Memory manager" [_thread_blocked, id=12688, stack(0x000000d747b00000,0x000000d747c00000)]
  0x000001fa6c130050 JavaThread "Cache worker for Java compile cache (C:\Users\spraj\.gradle\caches\8.5\javaCompile)" [_thread_blocked, id=8320, stack(0x000000d74d500000,0x000000d74d600000)]
  0x000001fa6b705690 JavaThread "Daemon Thread 4" [_thread_blocked, id=19676, stack(0x000000d743700000,0x000000d743800000)]
  0x000001fa6b707f10 JavaThread "Daemon worker Thread 4" [_thread_blocked, id=24524, stack(0x000000d745500000,0x000000d745600000)]
=>0x000001fa69e80950 JavaThread "C2 CompilerThread1" daemon [_thread_in_native, id=7548, stack(0x000000d747800000,0x000000d747900000)]
  0x000001fa6b70c0e0 JavaThread "included builds" [_thread_blocked, id=3320, stack(0x000000d747900000,0x000000d747a00000)]
  0x000001fa6a6c9a80 JavaThread "Exec process Thread 13" [_thread_blocked, id=23852, stack(0x000000d74cd00000,0x000000d74ce00000)]
  0x000001fa6a6cd740 JavaThread "Exec process Thread 14" [_thread_blocked, id=21800, stack(0x000000d74cf00000,0x000000d74d000000)]
  0x000001fa6a6ce160 JavaThread "Exec process Thread 15" [_thread_blocked, id=780, stack(0x000000d74d000000,0x000000d74d100000)]
  0x000001fa6a6ce670 JavaThread "Exec process Thread 16" [_thread_blocked, id=14824, stack(0x000000d74d100000,0x000000d74d200000)]

Other Threads:
  0x000001fa63a20c30 VMThread "VM Thread" [stack: 0x000000d744000000,0x000000d744100000] [id=17060]
  0x000001fa63d78a70 WatcherThread [stack: 0x000000d744c00000,0x000000d744d00000] [id=17852]
  0x000001fa4d08b5d0 GCTaskThread "GC Thread#0" [stack: 0x000000d743b00000,0x000000d743c00000] [id=19632]
  0x000001fa687b7210 GCTaskThread "GC Thread#1" [stack: 0x000000d744d00000,0x000000d744e00000] [id=15188]
  0x000001fa68e42ae0 GCTaskThread "GC Thread#2" [stack: 0x000000d744e00000,0x000000d744f00000] [id=9696]
  0x000001fa68991b10 GCTaskThread "GC Thread#3" [stack: 0x000000d744f00000,0x000000d745000000] [id=20596]
  0x000001fa68991dd0 GCTaskThread "GC Thread#4" [stack: 0x000000d745000000,0x000000d745100000] [id=21068]
  0x000001fa68bb3810 GCTaskThread "GC Thread#5" [stack: 0x000000d745100000,0x000000d745200000] [id=22364]
  0x000001fa695d7820 GCTaskThread "GC Thread#6" [stack: 0x000000d745c00000,0x000000d745d00000] [id=4036]
  0x000001fa6819ce70 GCTaskThread "GC Thread#7" [stack: 0x000000d745d00000,0x000000d745e00000] [id=12784]
  0x000001fa4d090cc0 ConcurrentGCThread "G1 Main Marker" [stack: 0x000000d743c00000,0x000000d743d00000] [id=20888]
  0x000001fa4d0916e0 ConcurrentGCThread "G1 Conc#0" [stack: 0x000000d743d00000,0x000000d743e00000] [id=5808]
  0x000001fa69619960 ConcurrentGCThread "G1 Conc#1" [stack: 0x000000d745e00000,0x000000d745f00000] [id=13244]
  0x000001fa4d10db80 ConcurrentGCThread "G1 Refine#0" [stack: 0x000000d743e00000,0x000000d743f00000] [id=21096]
  0x000001fa6be1bc40 ConcurrentGCThread "G1 Refine#1" [stack: 0x000000d748700000,0x000000d748800000] [id=16564]
  0x000001fa6be1dc90 ConcurrentGCThread "G1 Refine#2" [stack: 0x000000d74d300000,0x000000d74d400000] [id=22840]
  0x000001fa6be1b660 ConcurrentGCThread "G1 Refine#3" [stack: 0x000000d74d400000,0x000000d74d500000] [id=1116]
  0x000001fa4d10e5b0 ConcurrentGCThread "G1 Service" [stack: 0x000000d743f00000,0x000000d744000000] [id=1692]

Threads with active compile tasks:
C2 CompilerThread1   720596 14280       4       io.spring.gradle.dependencymanagement.org.apache.maven.model.building.DefaultModelBuilder::checkPluginVersions (392 bytes)

VM state: not at safepoint (normal execution)

VM Mutex/Monitor currently owned by a thread: None

Heap address: 0x00000000e0000000, size: 512 MB, Compressed Oops mode: 32-bit

CDS archive(s) not mapped
Compressed class space mapped at: 0x0000000100000000-0x0000000114000000, reserved size: 335544320
Narrow klass base: 0x0000000000000000, Narrow klass shift: 3, Narrow klass range: 0x114000000

GC Precious Log:
 CPUs: 8 total, 8 available
 Memory: 8014M
 Large Page Support: Disabled
 NUMA Support: Disabled
 Compressed Oops: Enabled (32-bit)
 Heap Region Size: 1M
 Heap Min Capacity: 256M
 Heap Initial Capacity: 256M
 Heap Max Capacity: 512M
 Pre-touch: Disabled
 Parallel Workers: 8
 Concurrent Workers: 2
 Concurrent Refinement Workers: 8
 Periodic GC: Disabled

Heap:
 garbage-first heap   total 262144K, used 101386K [0x00000000e0000000, 0x0000000100000000)
  region size 1024K, 31 young (31744K), 11 survivors (11264K)
 Metaspace       used 77626K, committed 78336K, reserved 458752K
  class space    used 10318K, committed 10624K, reserved 327680K

Heap Regions: E=young(eden), S=young(survivor), O=old, HS=humongous(starts), HC=humongous(continues), CS=collection set, F=free, OA=open archive, CA=closed archive, TAMS=top-at-mark-start (previous, next)
|   0|0x00000000e0000000, 0x00000000e0100000, 0x00000000e0100000|100%|HS|  |TAMS 0x00000000e0100000, 0x00000000e0000000| Complete 
|   1|0x00000000e0100000, 0x00000000e0200000, 0x00000000e0200000|100%|HC|  |TAMS 0x00000000e0200000, 0x00000000e0100000| Complete 
|   2|0x00000000e0200000, 0x00000000e0300000, 0x00000000e0300000|100%|HC|  |TAMS 0x00000000e0300000, 0x00000000e0200000| Complete 
|   3|0x00000000e0300000, 0x00000000e0400000, 0x00000000e0400000|100%|HC|  |TAMS 0x00000000e0400000, 0x00000000e0300000| Complete 
|   4|0x00000000e0400000, 0x00000000e0500000, 0x00000000e0500000|100%| O|  |TAMS 0x00000000e0500000, 0x00000000e0400000| Untracked 
|   5|0x00000000e0500000, 0x00000000e0600000, 0x00000000e0600000|100%| O|  |TAMS 0x00000000e0600000, 0x00000000e0500000| Untracked 
|   6|0x00000000e0600000, 0x00000000e0700000, 0x00000000e0700000|100%| O|  |TAMS 0x00000000e0700000, 0x00000000e0600000| Untracked 
|   7|0x00000000e0700000, 0x00000000e0800000, 0x00000000e0800000|100%| O|  |TAMS 0x00000000e0800000, 0x00000000e0700000| Untracked 
|   8|0x00000000e0800000, 0x00000000e0900000, 0x00000000e0900000|100%| O|  |TAMS 0x00000000e0900000, 0x00000000e0800000| Untracked 
|   9|0x00000000e0900000, 0x00000000e0a00000, 0x00000000e0a00000|100%| O|  |TAMS 0x00000000e0a00000, 0x00000000e0900000| Untracked 
|  10|0x00000000e0a00000, 0x00000000e0b00000, 0x00000000e0b00000|100%| O|  |TAMS 0x00000000e0b00000, 0x00000000e0a00000| Untracked 
|  11|0x00000000e0b00000, 0x00000000e0c00000, 0x00000000e0c00000|100%| O|  |TAMS 0x00000000e0b00000, 0x00000000e0b00000| Untracked 
|  12|0x00000000e0c00000, 0x00000000e0d00000, 0x00000000e0d00000|100%| O|  |TAMS 0x00000000e0c00000, 0x00000000e0c00000| Untracked 
|  13|0x00000000e0d00000, 0x00000000e0e00000, 0x00000000e0e00000|100%| O|  |TAMS 0x00000000e0d00000, 0x00000000e0d00000| Untracked 
|  14|0x00000000e0e00000, 0x00000000e0f00000, 0x00000000e0f00000|100%| O|  |TAMS 0x00000000e0e00000, 0x00000000e0e00000| Untracked 
|  15|0x00000000e0f00000, 0x00000000e1000000, 0x00000000e1000000|100%| O|  |TAMS 0x00000000e0f00000, 0x00000000e0f00000| Untracked 
|  16|0x00000000e1000000, 0x00000000e1100000, 0x00000000e1100000|100%| O|  |TAMS 0x00000000e1000000, 0x00000000e1000000| Untracked 
|  17|0x00000000e1100000, 0x00000000e1200000, 0x00000000e1200000|100%| O|  |TAMS 0x00000000e1100000, 0x00000000e1100000| Untracked 
|  18|0x00000000e1200000, 0x00000000e1300000, 0x00000000e1300000|100%| O|  |TAMS 0x00000000e1200000, 0x00000000e1200000| Untracked 
|  19|0x00000000e1300000, 0x00000000e1400000, 0x00000000e1400000|100%| O|  |TAMS 0x00000000e1400000, 0x00000000e1300000| Untracked 
|  20|0x00000000e1400000, 0x00000000e1500000, 0x00000000e1500000|100%| O|  |TAMS 0x00000000e1500000, 0x00000000e1400000| Untracked 
|  21|0x00000000e1500000, 0x00000000e1600000, 0x00000000e1600000|100%| O|  |TAMS 0x00000000e1600000, 0x00000000e1500000| Untracked 
|  22|0x00000000e1600000, 0x00000000e1700000, 0x00000000e1700000|100%| O|  |TAMS 0x00000000e1700000, 0x00000000e1600000| Untracked 
|  23|0x00000000e1700000, 0x00000000e1800000, 0x00000000e1800000|100%| O|  |TAMS 0x00000000e1800000, 0x00000000e1700000| Untracked 
|  24|0x00000000e1800000, 0x00000000e1900000, 0x00000000e1900000|100%| O|  |TAMS 0x00000000e1900000, 0x00000000e1800000| Untracked 
|  25|0x00000000e1900000, 0x00000000e1a00000, 0x00000000e1a00000|100%| O|  |TAMS 0x00000000e1954000, 0x00000000e1900000| Untracked 
|  26|0x00000000e1a00000, 0x00000000e1b00000, 0x00000000e1b00000|100%| O|  |TAMS 0x00000000e1a00000, 0x00000000e1a00000| Untracked 
|  27|0x00000000e1b00000, 0x00000000e1c00000, 0x00000000e1c00000|100%| O|  |TAMS 0x00000000e1b00000, 0x00000000e1b00000| Untracked 
|  28|0x00000000e1c00000, 0x00000000e1d00000, 0x00000000e1d00000|100%| O|  |TAMS 0x00000000e1c00000, 0x00000000e1c00000| Untracked 
|  29|0x00000000e1d00000, 0x00000000e1e00000, 0x00000000e1e00000|100%| O|  |TAMS 0x00000000e1d00000, 0x00000000e1d00000| Untracked 
|  30|0x00000000e1e00000, 0x00000000e1f00000, 0x00000000e1f00000|100%| O|  |TAMS 0x00000000e1e00000, 0x00000000e1e00000| Untracked 
|  31|0x00000000e1f00000, 0x00000000e2000000, 0x00000000e2000000|100%| O|  |TAMS 0x00000000e1f00000, 0x00000000e1f00000| Untracked 
|  32|0x00000000e2000000, 0x00000000e2100000, 0x00000000e2100000|100%| O|  |TAMS 0x00000000e2000000, 0x00000000e2000000| Untracked 
|  33|0x00000000e2100000, 0x00000000e2200000, 0x00000000e2200000|100%| O|  |TAMS 0x00000000e2100000, 0x00000000e2100000| Untracked 
|  34|0x00000000e2200000, 0x00000000e2300000, 0x00000000e2300000|100%| O|  |TAMS 0x00000000e2200000, 0x00000000e2200000| Untracked 
|  35|0x00000000e2300000, 0x00000000e2400000, 0x00000000e2400000|100%| O|  |TAMS 0x00000000e2300000, 0x00000000e2300000| Untracked 
|  36|0x00000000e2400000, 0x00000000e2500000, 0x00000000e2500000|100%| O|  |TAMS 0x00000000e2400000, 0x00000000e2400000| Untracked 
|  37|0x00000000e2500000, 0x00000000e2600000, 0x00000000e2600000|100%| O|  |TAMS 0x00000000e2500000, 0x00000000e2500000| Untracked 
|  38|0x00000000e2600000, 0x00000000e2700000, 0x00000000e2700000|100%| O|  |TAMS 0x00000000e2600000, 0x00000000e2600000| Untracked 
|  39|0x00000000e2700000, 0x00000000e2800000, 0x00000000e2800000|100%| O|  |TAMS 0x00000000e2700000, 0x00000000e2700000| Untracked 
|  40|0x00000000e2800000, 0x00000000e2900000, 0x00000000e2900000|100%| O|  |TAMS 0x00000000e2800000, 0x00000000e2800000| Untracked 
|  41|0x00000000e2900000, 0x00000000e2a00000, 0x00000000e2a00000|100%| O|  |TAMS 0x00000000e2900000, 0x00000000e2900000| Untracked 
|  42|0x00000000e2a00000, 0x00000000e2b00000, 0x00000000e2b00000|100%| O|  |TAMS 0x00000000e2a00000, 0x00000000e2a00000| Untracked 
|  43|0x00000000e2b00000, 0x00000000e2c00000, 0x00000000e2c00000|100%| O|  |TAMS 0x00000000e2b00000, 0x00000000e2b00000| Untracked 
|  44|0x00000000e2c00000, 0x00000000e2d00000, 0x00000000e2d00000|100%| O|  |TAMS 0x00000000e2c00000, 0x00000000e2c00000| Untracked 
|  45|0x00000000e2d00000, 0x00000000e2e00000, 0x00000000e2e00000|100%| O|  |TAMS 0x00000000e2d00000, 0x00000000e2d00000| Untracked 
|  46|0x00000000e2e00000, 0x00000000e2f00000, 0x00000000e2f00000|100%| O|  |TAMS 0x00000000e2e00000, 0x00000000e2e00000| Untracked 
|  47|0x00000000e2f00000, 0x00000000e3000000, 0x00000000e3000000|100%| O|  |TAMS 0x00000000e2f00000, 0x00000000e2f00000| Untracked 
|  48|0x00000000e3000000, 0x00000000e3100000, 0x00000000e3100000|100%| O|  |TAMS 0x00000000e3000000, 0x00000000e3000000| Untracked 
|  49|0x00000000e3100000, 0x00000000e3200000, 0x00000000e3200000|100%| O|  |TAMS 0x00000000e3100000, 0x00000000e3100000| Untracked 
|  50|0x00000000e3200000, 0x00000000e3300000, 0x00000000e3300000|100%| O|  |TAMS 0x00000000e3200000, 0x00000000e3200000| Untracked 
|  51|0x00000000e3300000, 0x00000000e3400000, 0x00000000e3400000|100%| O|  |TAMS 0x00000000e3300000, 0x00000000e3300000| Untracked 
|  52|0x00000000e3400000, 0x00000000e3500000, 0x00000000e3500000|100%| O|  |TAMS 0x00000000e3400000, 0x00000000e3400000| Untracked 
|  53|0x00000000e3500000, 0x00000000e3600000, 0x00000000e3600000|100%| O|  |TAMS 0x00000000e3500000, 0x00000000e3500000| Untracked 
|  54|0x00000000e3600000, 0x00000000e3700000, 0x00000000e3700000|100%| O|  |TAMS 0x00000000e3600000, 0x00000000e3600000| Untracked 
|  55|0x00000000e3700000, 0x00000000e3800000, 0x00000000e3800000|100%| O|  |TAMS 0x00000000e3700000, 0x00000000e3700000| Untracked 
|  56|0x00000000e3800000, 0x00000000e3800000, 0x00000000e3900000|  0%| F|  |TAMS 0x00000000e3800000, 0x00000000e3800000| Untracked 
|  57|0x00000000e3900000, 0x00000000e3a00000, 0x00000000e3a00000|100%| O|  |TAMS 0x00000000e3900000, 0x00000000e3900000| Untracked 
|  58|0x00000000e3a00000, 0x00000000e3b00000, 0x00000000e3b00000|100%| O|  |TAMS 0x00000000e3a00000, 0x00000000e3a00000| Untracked 
|  59|0x00000000e3b00000, 0x00000000e3c00000, 0x00000000e3c00000|100%| O|  |TAMS 0x00000000e3b00000, 0x00000000e3b00000| Untracked 
|  60|0x00000000e3c00000, 0x00000000e3d00000, 0x00000000e3d00000|100%| O|  |TAMS 0x00000000e3c00000, 0x00000000e3c00000| Untracked 
|  61|0x00000000e3d00000, 0x00000000e3e00000, 0x00000000e3e00000|100%| O|  |TAMS 0x00000000e3d00000, 0x00000000e3d00000| Untracked 
|  62|0x00000000e3e00000, 0x00000000e3f00000, 0x00000000e3f00000|100%| O|  |TAMS 0x00000000e3e00000, 0x00000000e3e00000| Untracked 
|  63|0x00000000e3f00000, 0x00000000e4000000, 0x00000000e4000000|100%| O|  |TAMS 0x00000000e3f00000, 0x00000000e3f00000| Untracked 
|  64|0x00000000e4000000, 0x00000000e4100000, 0x00000000e4100000|100%| O|  |TAMS 0x00000000e4000000, 0x00000000e4000000| Untracked 
|  65|0x00000000e4100000, 0x00000000e4200000, 0x00000000e4200000|100%| O|  |TAMS 0x00000000e4100000, 0x00000000e4100000| Untracked 
|  66|0x00000000e4200000, 0x00000000e4300000, 0x00000000e4300000|100%| O|  |TAMS 0x00000000e4200000, 0x00000000e4200000| Untracked 
|  67|0x00000000e4300000, 0x00000000e4400000, 0x00000000e4400000|100%| O|  |TAMS 0x00000000e4300000, 0x00000000e4300000| Untracked 
|  68|0x00000000e4400000, 0x00000000e4500000, 0x00000000e4500000|100%| O|  |TAMS 0x00000000e4400000, 0x00000000e4400000| Untracked 
|  69|0x00000000e4500000, 0x00000000e4600000, 0x00000000e4600000|100%| O|  |TAMS 0x00000000e4500000, 0x00000000e4500000| Untracked 
|  70|0x00000000e4600000, 0x00000000e46c4200, 0x00000000e4700000| 76%| O|  |TAMS 0x00000000e4600000, 0x00000000e4600000| Untracked 
|  71|0x00000000e4700000, 0x00000000e4700000, 0x00000000e4800000|  0%| F|  |TAMS 0x00000000e4700000, 0x00000000e4700000| Untracked 
|  72|0x00000000e4800000, 0x00000000e4800000, 0x00000000e4900000|  0%| F|  |TAMS 0x00000000e4800000, 0x00000000e4800000| Untracked 
|  73|0x00000000e4900000, 0x00000000e4900000, 0x00000000e4a00000|  0%| F|  |TAMS 0x00000000e4900000, 0x00000000e4900000| Untracked 
|  74|0x00000000e4a00000, 0x00000000e4a00000, 0x00000000e4b00000|  0%| F|  |TAMS 0x00000000e4a00000, 0x00000000e4a00000| Untracked 
|  75|0x00000000e4b00000, 0x00000000e4b00000, 0x00000000e4c00000|  0%| F|  |TAMS 0x00000000e4b00000, 0x00000000e4b00000| Untracked 
|  76|0x00000000e4c00000, 0x00000000e4c00000, 0x00000000e4d00000|  0%| F|  |TAMS 0x00000000e4c00000, 0x00000000e4c00000| Untracked 
|  77|0x00000000e4d00000, 0x00000000e4d00000, 0x00000000e4e00000|  0%| F|  |TAMS 0x00000000e4d00000, 0x00000000e4d00000| Untracked 
|  78|0x00000000e4e00000, 0x00000000e4e00000, 0x00000000e4f00000|  0%| F|  |TAMS 0x00000000e4e00000, 0x00000000e4e00000| Untracked 
|  79|0x00000000e4f00000, 0x00000000e4f00000, 0x00000000e5000000|  0%| F|  |TAMS 0x00000000e4f00000, 0x00000000e4f00000| Untracked 
|  80|0x00000000e5000000, 0x00000000e5000000, 0x00000000e5100000|  0%| F|  |TAMS 0x00000000e5000000, 0x00000000e5000000| Untracked 
|  81|0x00000000e5100000, 0x00000000e5100000, 0x00000000e5200000|  0%| F|  |TAMS 0x00000000e5100000, 0x00000000e5100000| Untracked 
|  82|0x00000000e5200000, 0x00000000e5200000, 0x00000000e5300000|  0%| F|  |TAMS 0x00000000e5200000, 0x00000000e5200000| Untracked 
|  83|0x00000000e5300000, 0x00000000e5300000, 0x00000000e5400000|  0%| F|  |TAMS 0x00000000e5300000, 0x00000000e5300000| Untracked 
|  84|0x00000000e5400000, 0x00000000e5400000, 0x00000000e5500000|  0%| F|  |TAMS 0x00000000e5400000, 0x00000000e5400000| Untracked 
|  85|0x00000000e5500000, 0x00000000e5500000, 0x00000000e5600000|  0%| F|  |TAMS 0x00000000e5500000, 0x00000000e5500000| Untracked 
|  86|0x00000000e5600000, 0x00000000e5600000, 0x00000000e5700000|  0%| F|  |TAMS 0x00000000e5600000, 0x00000000e5600000| Untracked 
|  87|0x00000000e5700000, 0x00000000e5700000, 0x00000000e5800000|  0%| F|  |TAMS 0x00000000e5700000, 0x00000000e5700000| Untracked 
|  88|0x00000000e5800000, 0x00000000e5800000, 0x00000000e5900000|  0%| F|  |TAMS 0x00000000e5800000, 0x00000000e5800000| Untracked 
|  89|0x00000000e5900000, 0x00000000e5900000, 0x00000000e5a00000|  0%| F|  |TAMS 0x00000000e5900000, 0x00000000e5900000| Untracked 
|  90|0x00000000e5a00000, 0x00000000e5a00000, 0x00000000e5b00000|  0%| F|  |TAMS 0x00000000e5a00000, 0x00000000e5a00000| Untracked 
|  91|0x00000000e5b00000, 0x00000000e5b00000, 0x00000000e5c00000|  0%| F|  |TAMS 0x00000000e5b00000, 0x00000000e5b00000| Untracked 
|  92|0x00000000e5c00000, 0x00000000e5c00000, 0x00000000e5d00000|  0%| F|  |TAMS 0x00000000e5c00000, 0x00000000e5c00000| Untracked 
|  93|0x00000000e5d00000, 0x00000000e5d00000, 0x00000000e5e00000|  0%| F|  |TAMS 0x00000000e5d00000, 0x00000000e5d00000| Untracked 
|  94|0x00000000e5e00000, 0x00000000e5e00000, 0x00000000e5f00000|  0%| F|  |TAMS 0x00000000e5e00000, 0x00000000e5e00000| Untracked 
|  95|0x00000000e5f00000, 0x00000000e5f00000, 0x00000000e6000000|  0%| F|  |TAMS 0x00000000e5f00000, 0x00000000e5f00000| Untracked 
|  96|0x00000000e6000000, 0x00000000e6000000, 0x00000000e6100000|  0%| F|  |TAMS 0x00000000e6000000, 0x00000000e6000000| Untracked 
|  97|0x00000000e6100000, 0x00000000e6100000, 0x00000000e6200000|  0%| F|  |TAMS 0x00000000e6100000, 0x00000000e6100000| Untracked 
|  98|0x00000000e6200000, 0x00000000e6200000, 0x00000000e6300000|  0%| F|  |TAMS 0x00000000e6200000, 0x00000000e6200000| Untracked 
|  99|0x00000000e6300000, 0x00000000e6300000, 0x00000000e6400000|  0%| F|  |TAMS 0x00000000e6300000, 0x00000000e6300000| Untracked 
| 100|0x00000000e6400000, 0x00000000e6400000, 0x00000000e6500000|  0%| F|  |TAMS 0x00000000e6400000, 0x00000000e6400000| Untracked 
| 101|0x00000000e6500000, 0x00000000e6500000, 0x00000000e6600000|  0%| F|  |TAMS 0x00000000e6500000, 0x00000000e6500000| Untracked 
| 102|0x00000000e6600000, 0x00000000e6600000, 0x00000000e6700000|  0%| F|  |TAMS 0x00000000e6600000, 0x00000000e6600000| Untracked 
| 103|0x00000000e6700000, 0x00000000e6700000, 0x00000000e6800000|  0%| F|  |TAMS 0x00000000e6700000, 0x00000000e6700000| Untracked 
| 104|0x00000000e6800000, 0x00000000e6800000, 0x00000000e6900000|  0%| F|  |TAMS 0x00000000e6800000, 0x00000000e6800000| Untracked 
| 105|0x00000000e6900000, 0x00000000e6900000, 0x00000000e6a00000|  0%| F|  |TAMS 0x00000000e6900000, 0x00000000e6900000| Untracked 
| 106|0x00000000e6a00000, 0x00000000e6a00000, 0x00000000e6b00000|  0%| F|  |TAMS 0x00000000e6a00000, 0x00000000e6a00000| Untracked 
| 107|0x00000000e6b00000, 0x00000000e6b00000, 0x00000000e6c00000|  0%| F|  |TAMS 0x00000000e6b00000, 0x00000000e6b00000| Untracked 
| 108|0x00000000e6c00000, 0x00000000e6c00000, 0x00000000e6d00000|  0%| F|  |TAMS 0x00000000e6c00000, 0x00000000e6c00000| Untracked 
| 109|0x00000000e6d00000, 0x00000000e6d3e918, 0x00000000e6e00000| 24%| S|CS|TAMS 0x00000000e6d00000, 0x00000000e6d00000| Complete 
| 110|0x00000000e6e00000, 0x00000000e6f00000, 0x00000000e6f00000|100%| S|CS|TAMS 0x00000000e6e00000, 0x00000000e6e00000| Complete 
| 111|0x00000000e6f00000, 0x00000000e7000000, 0x00000000e7000000|100%| S|CS|TAMS 0x00000000e6f00000, 0x00000000e6f00000| Complete 
| 112|0x00000000e7000000, 0x00000000e7100000, 0x00000000e7100000|100%| S|CS|TAMS 0x00000000e7000000, 0x00000000e7000000| Complete 
| 113|0x00000000e7100000, 0x00000000e7200000, 0x00000000e7200000|100%| S|CS|TAMS 0x00000000e7100000, 0x00000000e7100000| Complete 
| 114|0x00000000e7200000, 0x00000000e7300000, 0x00000000e7300000|100%| S|CS|TAMS 0x00000000e7200000, 0x00000000e7200000| Complete 
| 115|0x00000000e7300000, 0x00000000e7400000, 0x00000000e7400000|100%| S|CS|TAMS 0x00000000e7300000, 0x00000000e7300000| Complete 
| 116|0x00000000e7400000, 0x00000000e7500000, 0x00000000e7500000|100%| S|CS|TAMS 0x00000000e7400000, 0x00000000e7400000| Complete 
| 117|0x00000000e7500000, 0x00000000e7600000, 0x00000000e7600000|100%| S|CS|TAMS 0x00000000e7500000, 0x00000000e7500000| Complete 
| 118|0x00000000e7600000, 0x00000000e7700000, 0x00000000e7700000|100%| S|CS|TAMS 0x00000000e7600000, 0x00000000e7600000| Complete 
| 119|0x00000000e7700000, 0x00000000e7800000, 0x00000000e7800000|100%| S|CS|TAMS 0x00000000e7700000, 0x00000000e7700000| Complete 
| 120|0x00000000e7800000, 0x00000000e7800000, 0x00000000e7900000|  0%| F|  |TAMS 0x00000000e7800000, 0x00000000e7800000| Untracked 
| 121|0x00000000e7900000, 0x00000000e7900000, 0x00000000e7a00000|  0%| F|  |TAMS 0x00000000e7900000, 0x00000000e7900000| Untracked 
| 122|0x00000000e7a00000, 0x00000000e7a00000, 0x00000000e7b00000|  0%| F|  |TAMS 0x00000000e7a00000, 0x00000000e7a00000| Untracked 
| 123|0x00000000e7b00000, 0x00000000e7b00000, 0x00000000e7c00000|  0%| F|  |TAMS 0x00000000e7b00000, 0x00000000e7b00000| Untracked 
| 124|0x00000000e7c00000, 0x00000000e7c00000, 0x00000000e7d00000|  0%| F|  |TAMS 0x00000000e7c00000, 0x00000000e7c00000| Untracked 
| 125|0x00000000e7d00000, 0x00000000e7d00000, 0x00000000e7e00000|  0%| F|  |TAMS 0x00000000e7d00000, 0x00000000e7d00000| Untracked 
| 126|0x00000000e7e00000, 0x00000000e7e00000, 0x00000000e7f00000|  0%| F|  |TAMS 0x00000000e7e00000, 0x00000000e7e00000| Untracked 
| 127|0x00000000e7f00000, 0x00000000e7f00000, 0x00000000e8000000|  0%| F|  |TAMS 0x00000000e7f00000, 0x00000000e7f00000| Untracked 
| 128|0x00000000e8000000, 0x00000000e8000000, 0x00000000e8100000|  0%| F|  |TAMS 0x00000000e8000000, 0x00000000e8000000| Untracked 
| 129|0x00000000e8100000, 0x00000000e8100000, 0x00000000e8200000|  0%| F|  |TAMS 0x00000000e8100000, 0x00000000e8100000| Untracked 
| 130|0x00000000e8200000, 0x00000000e8200000, 0x00000000e8300000|  0%| F|  |TAMS 0x00000000e8200000, 0x00000000e8200000| Untracked 
| 131|0x00000000e8300000, 0x00000000e8300000, 0x00000000e8400000|  0%| F|  |TAMS 0x00000000e8300000, 0x00000000e8300000| Untracked 
| 132|0x00000000e8400000, 0x00000000e8400000, 0x00000000e8500000|  0%| F|  |TAMS 0x00000000e8400000, 0x00000000e8400000| Untracked 
| 133|0x00000000e8500000, 0x00000000e8500000, 0x00000000e8600000|  0%| F|  |TAMS 0x00000000e8500000, 0x00000000e8500000| Untracked 
| 134|0x00000000e8600000, 0x00000000e8600000, 0x00000000e8700000|  0%| F|  |TAMS 0x00000000e8600000, 0x00000000e8600000| Untracked 
| 135|0x00000000e8700000, 0x00000000e8700000, 0x00000000e8800000|  0%| F|  |TAMS 0x00000000e8700000, 0x00000000e8700000| Untracked 
| 136|0x00000000e8800000, 0x00000000e8800000, 0x00000000e8900000|  0%| F|  |TAMS 0x00000000e8800000, 0x00000000e8800000| Untracked 
| 137|0x00000000e8900000, 0x00000000e8900000, 0x00000000e8a00000|  0%| F|  |TAMS 0x00000000e8900000, 0x00000000e8900000| Untracked 
| 138|0x00000000e8a00000, 0x00000000e8a00000, 0x00000000e8b00000|  0%| F|  |TAMS 0x00000000e8a00000, 0x00000000e8a00000| Untracked 
| 139|0x00000000e8b00000, 0x00000000e8b00000, 0x00000000e8c00000|  0%| F|  |TAMS 0x00000000e8b00000, 0x00000000e8b00000| Untracked 
| 140|0x00000000e8c00000, 0x00000000e8c00000, 0x00000000e8d00000|  0%| F|  |TAMS 0x00000000e8c00000, 0x00000000e8c00000| Untracked 
| 141|0x00000000e8d00000, 0x00000000e8d00000, 0x00000000e8e00000|  0%| F|  |TAMS 0x00000000e8d00000, 0x00000000e8d00000| Untracked 
| 142|0x00000000e8e00000, 0x00000000e8e00000, 0x00000000e8f00000|  0%| F|  |TAMS 0x00000000e8e00000, 0x00000000e8e00000| Untracked 
| 143|0x00000000e8f00000, 0x00000000e8f00000, 0x00000000e9000000|  0%| F|  |TAMS 0x00000000e8f00000, 0x00000000e8f00000| Untracked 
| 144|0x00000000e9000000, 0x00000000e9000000, 0x00000000e9100000|  0%| F|  |TAMS 0x00000000e9000000, 0x00000000e9000000| Untracked 
| 145|0x00000000e9100000, 0x00000000e9100000, 0x00000000e9200000|  0%| F|  |TAMS 0x00000000e9100000, 0x00000000e9100000| Untracked 
| 146|0x00000000e9200000, 0x00000000e9200000, 0x00000000e9300000|  0%| F|  |TAMS 0x00000000e9200000, 0x00000000e9200000| Untracked 
| 147|0x00000000e9300000, 0x00000000e9300000, 0x00000000e9400000|  0%| F|  |TAMS 0x00000000e9300000, 0x00000000e9300000| Untracked 
| 148|0x00000000e9400000, 0x00000000e9400000, 0x00000000e9500000|  0%| F|  |TAMS 0x00000000e9400000, 0x00000000e9400000| Untracked 
| 149|0x00000000e9500000, 0x00000000e9500000, 0x00000000e9600000|  0%| F|  |TAMS 0x00000000e9500000, 0x00000000e9500000| Untracked 
| 150|0x00000000e9600000, 0x00000000e9600000, 0x00000000e9700000|  0%| F|  |TAMS 0x00000000e9600000, 0x00000000e9600000| Untracked 
| 151|0x00000000e9700000, 0x00000000e9700000, 0x00000000e9800000|  0%| F|  |TAMS 0x00000000e9700000, 0x00000000e9700000| Untracked 
| 152|0x00000000e9800000, 0x00000000e9800000, 0x00000000e9900000|  0%| F|  |TAMS 0x00000000e9800000, 0x00000000e9800000| Untracked 
| 153|0x00000000e9900000, 0x00000000e9900000, 0x00000000e9a00000|  0%| F|  |TAMS 0x00000000e9900000, 0x00000000e9900000| Untracked 
| 154|0x00000000e9a00000, 0x00000000e9a00000, 0x00000000e9b00000|  0%| F|  |TAMS 0x00000000e9a00000, 0x00000000e9a00000| Untracked 
| 155|0x00000000e9b00000, 0x00000000e9b00000, 0x00000000e9c00000|  0%| F|  |TAMS 0x00000000e9b00000, 0x00000000e9b00000| Untracked 
| 156|0x00000000e9c00000, 0x00000000e9c00000, 0x00000000e9d00000|  0%| F|  |TAMS 0x00000000e9c00000, 0x00000000e9c00000| Untracked 
| 157|0x00000000e9d00000, 0x00000000e9d00000, 0x00000000e9e00000|  0%| F|  |TAMS 0x00000000e9d00000, 0x00000000e9d00000| Untracked 
| 158|0x00000000e9e00000, 0x00000000e9e00000, 0x00000000e9f00000|  0%| F|  |TAMS 0x00000000e9e00000, 0x00000000e9e00000| Untracked 
| 159|0x00000000e9f00000, 0x00000000e9f00000, 0x00000000ea000000|  0%| F|  |TAMS 0x00000000e9f00000, 0x00000000e9f00000| Untracked 
| 160|0x00000000ea000000, 0x00000000ea000000, 0x00000000ea100000|  0%| F|  |TAMS 0x00000000ea000000, 0x00000000ea000000| Untracked 
| 161|0x00000000ea100000, 0x00000000ea100000, 0x00000000ea200000|  0%| F|  |TAMS 0x00000000ea100000, 0x00000000ea100000| Untracked 
| 162|0x00000000ea200000, 0x00000000ea200000, 0x00000000ea300000|  0%| F|  |TAMS 0x00000000ea200000, 0x00000000ea200000| Untracked 
| 163|0x00000000ea300000, 0x00000000ea300000, 0x00000000ea400000|  0%| F|  |TAMS 0x00000000ea300000, 0x00000000ea300000| Untracked 
| 164|0x00000000ea400000, 0x00000000ea400000, 0x00000000ea500000|  0%| F|  |TAMS 0x00000000ea400000, 0x00000000ea400000| Untracked 
| 165|0x00000000ea500000, 0x00000000ea500000, 0x00000000ea600000|  0%| F|  |TAMS 0x00000000ea500000, 0x00000000ea500000| Untracked 
| 166|0x00000000ea600000, 0x00000000ea600000, 0x00000000ea700000|  0%| F|  |TAMS 0x00000000ea600000, 0x00000000ea600000| Untracked 
| 167|0x00000000ea700000, 0x00000000ea700000, 0x00000000ea800000|  0%| F|  |TAMS 0x00000000ea700000, 0x00000000ea700000| Untracked 
| 168|0x00000000ea800000, 0x00000000ea800000, 0x00000000ea900000|  0%| F|  |TAMS 0x00000000ea800000, 0x00000000ea800000| Untracked 
| 169|0x00000000ea900000, 0x00000000ea900000, 0x00000000eaa00000|  0%| F|  |TAMS 0x00000000ea900000, 0x00000000ea900000| Untracked 
| 170|0x00000000eaa00000, 0x00000000eaa00000, 0x00000000eab00000|  0%| F|  |TAMS 0x00000000eaa00000, 0x00000000eaa00000| Untracked 
| 171|0x00000000eab00000, 0x00000000eab00000, 0x00000000eac00000|  0%| F|  |TAMS 0x00000000eab00000, 0x00000000eab00000| Untracked 
| 172|0x00000000eac00000, 0x00000000eac00000, 0x00000000ead00000|  0%| F|  |TAMS 0x00000000eac00000, 0x00000000eac00000| Untracked 
| 173|0x00000000ead00000, 0x00000000ead00000, 0x00000000eae00000|  0%| F|  |TAMS 0x00000000ead00000, 0x00000000ead00000| Untracked 
| 174|0x00000000eae00000, 0x00000000eae00000, 0x00000000eaf00000|  0%| F|  |TAMS 0x00000000eae00000, 0x00000000eae00000| Untracked 
| 175|0x00000000eaf00000, 0x00000000eaf00000, 0x00000000eb000000|  0%| F|  |TAMS 0x00000000eaf00000, 0x00000000eaf00000| Untracked 
| 176|0x00000000eb000000, 0x00000000eb000000, 0x00000000eb100000|  0%| F|  |TAMS 0x00000000eb000000, 0x00000000eb000000| Untracked 
| 177|0x00000000eb100000, 0x00000000eb100000, 0x00000000eb200000|  0%| F|  |TAMS 0x00000000eb100000, 0x00000000eb100000| Untracked 
| 178|0x00000000eb200000, 0x00000000eb200000, 0x00000000eb300000|  0%| F|  |TAMS 0x00000000eb200000, 0x00000000eb200000| Untracked 
| 179|0x00000000eb300000, 0x00000000eb300000, 0x00000000eb400000|  0%| F|  |TAMS 0x00000000eb300000, 0x00000000eb300000| Untracked 
| 180|0x00000000eb400000, 0x00000000eb400000, 0x00000000eb500000|  0%| F|  |TAMS 0x00000000eb400000, 0x00000000eb400000| Untracked 
| 181|0x00000000eb500000, 0x00000000eb500000, 0x00000000eb600000|  0%| F|  |TAMS 0x00000000eb500000, 0x00000000eb500000| Untracked 
| 182|0x00000000eb600000, 0x00000000eb600000, 0x00000000eb700000|  0%| F|  |TAMS 0x00000000eb600000, 0x00000000eb600000| Untracked 
| 183|0x00000000eb700000, 0x00000000eb700000, 0x00000000eb800000|  0%| F|  |TAMS 0x00000000eb700000, 0x00000000eb700000| Untracked 
| 184|0x00000000eb800000, 0x00000000eb800000, 0x00000000eb900000|  0%| F|  |TAMS 0x00000000eb800000, 0x00000000eb800000| Untracked 
| 185|0x00000000eb900000, 0x00000000eb900000, 0x00000000eba00000|  0%| F|  |TAMS 0x00000000eb900000, 0x00000000eb900000| Untracked 
| 186|0x00000000eba00000, 0x00000000eba00000, 0x00000000ebb00000|  0%| F|  |TAMS 0x00000000eba00000, 0x00000000eba00000| Untracked 
| 187|0x00000000ebb00000, 0x00000000ebb00000, 0x00000000ebc00000|  0%| F|  |TAMS 0x00000000ebb00000, 0x00000000ebb00000| Untracked 
| 188|0x00000000ebc00000, 0x00000000ebc00000, 0x00000000ebd00000|  0%| F|  |TAMS 0x00000000ebc00000, 0x00000000ebc00000| Untracked 
| 189|0x00000000ebd00000, 0x00000000ebd00000, 0x00000000ebe00000|  0%| F|  |TAMS 0x00000000ebd00000, 0x00000000ebd00000| Untracked 
| 190|0x00000000ebe00000, 0x00000000ebe00000, 0x00000000ebf00000|  0%| F|  |TAMS 0x00000000ebe00000, 0x00000000ebe00000| Untracked 
| 191|0x00000000ebf00000, 0x00000000ebf00000, 0x00000000ec000000|  0%| F|  |TAMS 0x00000000ebf00000, 0x00000000ebf00000| Untracked 
| 192|0x00000000ec000000, 0x00000000ec000000, 0x00000000ec100000|  0%| F|  |TAMS 0x00000000ec000000, 0x00000000ec000000| Untracked 
| 193|0x00000000ec100000, 0x00000000ec100000, 0x00000000ec200000|  0%| F|  |TAMS 0x00000000ec100000, 0x00000000ec100000| Untracked 
| 194|0x00000000ec200000, 0x00000000ec200000, 0x00000000ec300000|  0%| F|  |TAMS 0x00000000ec200000, 0x00000000ec200000| Untracked 
| 195|0x00000000ec300000, 0x00000000ec300000, 0x00000000ec400000|  0%| F|  |TAMS 0x00000000ec300000, 0x00000000ec300000| Untracked 
| 196|0x00000000ec400000, 0x00000000ec400000, 0x00000000ec500000|  0%| F|  |TAMS 0x00000000ec400000, 0x00000000ec400000| Untracked 
| 197|0x00000000ec500000, 0x00000000ec500000, 0x00000000ec600000|  0%| F|  |TAMS 0x00000000ec500000, 0x00000000ec500000| Untracked 
| 198|0x00000000ec600000, 0x00000000ec600000, 0x00000000ec700000|  0%| F|  |TAMS 0x00000000ec600000, 0x00000000ec600000| Untracked 
| 199|0x00000000ec700000, 0x00000000ec700000, 0x00000000ec800000|  0%| F|  |TAMS 0x00000000ec700000, 0x00000000ec700000| Untracked 
| 200|0x00000000ec800000, 0x00000000ec800000, 0x00000000ec900000|  0%| F|  |TAMS 0x00000000ec800000, 0x00000000ec800000| Untracked 
| 201|0x00000000ec900000, 0x00000000ec900000, 0x00000000eca00000|  0%| F|  |TAMS 0x00000000ec900000, 0x00000000ec900000| Untracked 
| 202|0x00000000eca00000, 0x00000000eca00000, 0x00000000ecb00000|  0%| F|  |TAMS 0x00000000eca00000, 0x00000000eca00000| Untracked 
| 203|0x00000000ecb00000, 0x00000000ecb00000, 0x00000000ecc00000|  0%| F|  |TAMS 0x00000000ecb00000, 0x00000000ecb00000| Untracked 
| 204|0x00000000ecc00000, 0x00000000ecc00000, 0x00000000ecd00000|  0%| F|  |TAMS 0x00000000ecc00000, 0x00000000ecc00000| Untracked 
| 205|0x00000000ecd00000, 0x00000000ecd00000, 0x00000000ece00000|  0%| F|  |TAMS 0x00000000ecd00000, 0x00000000ecd00000| Untracked 
| 206|0x00000000ece00000, 0x00000000ece00000, 0x00000000ecf00000|  0%| F|  |TAMS 0x00000000ece00000, 0x00000000ece00000| Untracked 
| 207|0x00000000ecf00000, 0x00000000ecf00000, 0x00000000ed000000|  0%| F|  |TAMS 0x00000000ecf00000, 0x00000000ecf00000| Untracked 
| 208|0x00000000ed000000, 0x00000000ed000000, 0x00000000ed100000|  0%| F|  |TAMS 0x00000000ed000000, 0x00000000ed000000| Untracked 
| 209|0x00000000ed100000, 0x00000000ed100000, 0x00000000ed200000|  0%| F|  |TAMS 0x00000000ed100000, 0x00000000ed100000| Untracked 
| 210|0x00000000ed200000, 0x00000000ed200000, 0x00000000ed300000|  0%| F|  |TAMS 0x00000000ed200000, 0x00000000ed200000| Untracked 
| 211|0x00000000ed300000, 0x00000000ed300000, 0x00000000ed400000|  0%| F|  |TAMS 0x00000000ed300000, 0x00000000ed300000| Untracked 
| 212|0x00000000ed400000, 0x00000000ed400000, 0x00000000ed500000|  0%| F|  |TAMS 0x00000000ed400000, 0x00000000ed400000| Untracked 
| 213|0x00000000ed500000, 0x00000000ed500000, 0x00000000ed600000|  0%| F|  |TAMS 0x00000000ed500000, 0x00000000ed500000| Untracked 
| 214|0x00000000ed600000, 0x00000000ed600000, 0x00000000ed700000|  0%| F|  |TAMS 0x00000000ed600000, 0x00000000ed600000| Untracked 
| 215|0x00000000ed700000, 0x00000000ed700000, 0x00000000ed800000|  0%| F|  |TAMS 0x00000000ed700000, 0x00000000ed700000| Untracked 
| 216|0x00000000ed800000, 0x00000000ed800000, 0x00000000ed900000|  0%| F|  |TAMS 0x00000000ed800000, 0x00000000ed800000| Untracked 
| 217|0x00000000ed900000, 0x00000000ed900000, 0x00000000eda00000|  0%| F|  |TAMS 0x00000000ed900000, 0x00000000ed900000| Untracked 
| 218|0x00000000eda00000, 0x00000000eda00000, 0x00000000edb00000|  0%| F|  |TAMS 0x00000000eda00000, 0x00000000eda00000| Untracked 
| 219|0x00000000edb00000, 0x00000000edb00000, 0x00000000edc00000|  0%| F|  |TAMS 0x00000000edb00000, 0x00000000edb00000| Untracked 
| 220|0x00000000edc00000, 0x00000000edc00000, 0x00000000edd00000|  0%| F|  |TAMS 0x00000000edc00000, 0x00000000edc00000| Untracked 
| 221|0x00000000edd00000, 0x00000000edd00000, 0x00000000ede00000|  0%| F|  |TAMS 0x00000000edd00000, 0x00000000edd00000| Untracked 
| 222|0x00000000ede00000, 0x00000000ede00000, 0x00000000edf00000|  0%| F|  |TAMS 0x00000000ede00000, 0x00000000ede00000| Untracked 
| 223|0x00000000edf00000, 0x00000000edf00000, 0x00000000ee000000|  0%| F|  |TAMS 0x00000000edf00000, 0x00000000edf00000| Untracked 
| 224|0x00000000ee000000, 0x00000000ee000000, 0x00000000ee100000|  0%| F|  |TAMS 0x00000000ee000000, 0x00000000ee000000| Untracked 
| 225|0x00000000ee100000, 0x00000000ee100000, 0x00000000ee200000|  0%| F|  |TAMS 0x00000000ee100000, 0x00000000ee100000| Untracked 
| 226|0x00000000ee200000, 0x00000000ee200000, 0x00000000ee300000|  0%| F|  |TAMS 0x00000000ee200000, 0x00000000ee200000| Untracked 
| 227|0x00000000ee300000, 0x00000000ee300000, 0x00000000ee400000|  0%| F|  |TAMS 0x00000000ee300000, 0x00000000ee300000| Untracked 
| 228|0x00000000ee400000, 0x00000000ee400000, 0x00000000ee500000|  0%| F|  |TAMS 0x00000000ee400000, 0x00000000ee400000| Untracked 
| 229|0x00000000ee500000, 0x00000000ee500000, 0x00000000ee600000|  0%| F|  |TAMS 0x00000000ee500000, 0x00000000ee500000| Untracked 
| 230|0x00000000ee600000, 0x00000000ee600000, 0x00000000ee700000|  0%| F|  |TAMS 0x00000000ee600000, 0x00000000ee600000| Untracked 
| 231|0x00000000ee700000, 0x00000000ee700000, 0x00000000ee800000|  0%| F|  |TAMS 0x00000000ee700000, 0x00000000ee700000| Untracked 
| 232|0x00000000ee800000, 0x00000000ee800000, 0x00000000ee900000|  0%| F|  |TAMS 0x00000000ee800000, 0x00000000ee800000| Untracked 
| 233|0x00000000ee900000, 0x00000000ee900000, 0x00000000eea00000|  0%| F|  |TAMS 0x00000000ee900000, 0x00000000ee900000| Untracked 
| 234|0x00000000eea00000, 0x00000000eea00000, 0x00000000eeb00000|  0%| F|  |TAMS 0x00000000eea00000, 0x00000000eea00000| Untracked 
| 235|0x00000000eeb00000, 0x00000000eeb00000, 0x00000000eec00000|  0%| F|  |TAMS 0x00000000eeb00000, 0x00000000eeb00000| Untracked 
| 236|0x00000000eec00000, 0x00000000eec0c180, 0x00000000eed00000|  4%| E|  |TAMS 0x00000000eec00000, 0x00000000eec00000| Complete 
| 237|0x00000000eed00000, 0x00000000eee00000, 0x00000000eee00000|100%| E|CS|TAMS 0x00000000eed00000, 0x00000000eed00000| Complete 
| 238|0x00000000eee00000, 0x00000000eef00000, 0x00000000eef00000|100%| E|CS|TAMS 0x00000000eee00000, 0x00000000eee00000| Complete 
| 239|0x00000000eef00000, 0x00000000ef000000, 0x00000000ef000000|100%| E|CS|TAMS 0x00000000eef00000, 0x00000000eef00000| Complete 
| 240|0x00000000ef000000, 0x00000000ef100000, 0x00000000ef100000|100%| E|CS|TAMS 0x00000000ef000000, 0x00000000ef000000| Complete 
| 241|0x00000000ef100000, 0x00000000ef200000, 0x00000000ef200000|100%| E|CS|TAMS 0x00000000ef100000, 0x00000000ef100000| Complete 
| 242|0x00000000ef200000, 0x00000000ef300000, 0x00000000ef300000|100%| E|CS|TAMS 0x00000000ef200000, 0x00000000ef200000| Complete 
| 243|0x00000000ef300000, 0x00000000ef400000, 0x00000000ef400000|100%| E|CS|TAMS 0x00000000ef300000, 0x00000000ef300000| Complete 
| 244|0x00000000ef400000, 0x00000000ef500000, 0x00000000ef500000|100%| E|CS|TAMS 0x00000000ef400000, 0x00000000ef400000| Complete 
| 245|0x00000000ef500000, 0x00000000ef600000, 0x00000000ef600000|100%| E|CS|TAMS 0x00000000ef500000, 0x00000000ef500000| Complete 
| 246|0x00000000ef600000, 0x00000000ef700000, 0x00000000ef700000|100%| E|CS|TAMS 0x00000000ef600000, 0x00000000ef600000| Complete 
| 247|0x00000000ef700000, 0x00000000ef800000, 0x00000000ef800000|100%| E|CS|TAMS 0x00000000ef700000, 0x00000000ef700000| Complete 
| 248|0x00000000ef800000, 0x00000000ef900000, 0x00000000ef900000|100%| E|CS|TAMS 0x00000000ef800000, 0x00000000ef800000| Complete 
| 249|0x00000000ef900000, 0x00000000efa00000, 0x00000000efa00000|100%| E|CS|TAMS 0x00000000ef900000, 0x00000000ef900000| Complete 
| 250|0x00000000efa00000, 0x00000000efb00000, 0x00000000efb00000|100%| E|CS|TAMS 0x00000000efa00000, 0x00000000efa00000| Complete 
| 251|0x00000000efb00000, 0x00000000efc00000, 0x00000000efc00000|100%| E|CS|TAMS 0x00000000efb00000, 0x00000000efb00000| Complete 
| 252|0x00000000efc00000, 0x00000000efd00000, 0x00000000efd00000|100%| E|CS|TAMS 0x00000000efc00000, 0x00000000efc00000| Complete 
| 253|0x00000000efd00000, 0x00000000efe00000, 0x00000000efe00000|100%| E|CS|TAMS 0x00000000efd00000, 0x00000000efd00000| Complete 
| 254|0x00000000efe00000, 0x00000000eff00000, 0x00000000eff00000|100%| E|CS|TAMS 0x00000000efe00000, 0x00000000efe00000| Complete 
| 255|0x00000000eff00000, 0x00000000f0000000, 0x00000000f0000000|100%| E|CS|TAMS 0x00000000eff00000, 0x00000000eff00000| Complete 

Card table byte_map: [0x000001fa5fc50000,0x000001fa5fd50000] _byte_map_base: 0x000001fa5f550000

Marking Bits (Prev, Next): (CMBitMap*) 0x000001fa4d08bc30, (CMBitMap*) 0x000001fa4d08bbf0
 Prev Bits: [0x000001fa60650000, 0x000001fa60e50000)
 Next Bits: [0x000001fa5fe50000, 0x000001fa60650000)

Polling page: 0x000001fa4b030000

Metaspace:

Usage:
  Non-class:     65.73 MB used.
      Class:     10.08 MB used.
       Both:     75.81 MB used.

Virtual space:
  Non-class space:      128.00 MB reserved,      66.12 MB ( 52%) committed,  2 nodes.
      Class space:      320.00 MB reserved,      10.38 MB (  3%) committed,  1 nodes.
             Both:      448.00 MB reserved,      76.50 MB ( 17%) committed. 

Chunk freelists:
   Non-Class:  13.87 MB
       Class:  5.64 MB
        Both:  19.51 MB

MaxMetaspaceSize: 384.00 MB
CompressedClassSpaceSize: 320.00 MB
Initial GC threshold: 21.00 MB
Current GC threshold: 97.94 MB
CDS: off
MetaspaceReclaimPolicy: balanced
 - commit_granule_bytes: 65536.
 - commit_granule_words: 8192.
 - virtual_space_node_default_size: 8388608.
 - enlarge_chunks_in_place: 1.
 - new_chunks_are_fully_committed: 0.
 - uncommit_free_chunks: 1.
 - use_allocation_guard: 0.
 - handle_deallocations: 1.


Internal statistics:

num_allocs_failed_limit: 13.
num_arena_births: 918.
num_arena_deaths: 0.
num_vsnodes_births: 3.
num_vsnodes_deaths: 0.
num_space_committed: 1224.
num_space_uncommitted: 0.
num_chunks_returned_to_freelist: 13.
num_chunks_taken_from_freelist: 3871.
num_chunk_merges: 13.
num_chunk_splits: 2453.
num_chunks_enlarged: 1514.
num_inconsistent_stats: 0.

CodeHeap 'non-profiled nmethods': size=120000Kb used=9271Kb max_used=9271Kb free=110729Kb
 bounds [0x000001fa582f0000, 0x000001fa58c00000, 0x000001fa5f820000]
CodeHeap 'profiled nmethods': size=120000Kb used=25729Kb max_used=25729Kb free=94270Kb
 bounds [0x000001fa50820000, 0x000001fa52150000, 0x000001fa57d50000]
CodeHeap 'non-nmethods': size=5760Kb used=2343Kb max_used=2485Kb free=3417Kb
 bounds [0x000001fa57d50000, 0x000001fa57fd0000, 0x000001fa582f0000]
 total_blobs=13453 nmethods=12590 adapters=774
 compilation: enabled
              stopped_count=0, restarted_count=0
 full_count=0

Compilation events (20 events):
Event: 720.112 Thread 0x000001fa63a7ab50 14286       4       io.spring.gradle.dependencymanagement.internal.Exclusions$$Lambda$1321/0x00000001008ad308::accept (19 bytes)
Event: 720.115 Thread 0x000001fa63a7ab50 nmethod 14286 0x000001fa58bf6c90 code [0x000001fa58bf6e40, 0x000001fa58bf7018]
Event: 720.115 Thread 0x000001fa63a7ab50 14290       4       org.gradle.api.internal.artifacts.ivyservice.dependencysubstitution.DefaultDependencySubstitution_Decorated::getTarget (39 bytes)
Event: 720.116 Thread 0x000001fa63a7ab50 nmethod 14290 0x000001fa58bf7310 code [0x000001fa58bf7480, 0x000001fa58bf7518]
Event: 720.116 Thread 0x000001fa63a7ab50 14284       4       com.google.common.cache.LocalCache::isExpired (57 bytes)
Event: 720.119 Thread 0x000001fa63a7ab50 nmethod 14284 0x000001fa58bf7610 code [0x000001fa58bf77a0, 0x000001fa58bf78b8]
Event: 720.119 Thread 0x000001fa63a7ab50 14317       4       org.gradle.api.internal.artifacts.DefaultModuleVersionSelector::getGroup (10 bytes)
Event: 720.120 Thread 0x000001fa63a7ab50 nmethod 14317 0x000001fa58bf7a10 code [0x000001fa58bf7b80, 0x000001fa58bf7c38]
Event: 720.120 Thread 0x000001fa63a7ab50 14322       4       java.util.Optional::ofNullable (19 bytes)
Event: 720.122 Thread 0x000001fa63a7ab50 nmethod 14322 0x000001fa58bf7d10 code [0x000001fa58bf7ea0, 0x000001fa58bf7f78]
Event: 720.122 Thread 0x000001fa63a7ab50 14313       4       org.gradle.api.internal.artifacts.ivyservice.resolveengine.graph.builder.ComponentState::setState (16 bytes)
Event: 720.126 Thread 0x000001fa63a7ab50 nmethod 14313 0x000001fa58bf8010 code [0x000001fa58bf8180, 0x000001fa58bf8438]
Event: 720.126 Thread 0x000001fa63a7ab50 14298       4       com.google.common.cache.LocalCache$StrongValueReference::notifyNewValue (1 bytes)
Event: 720.126 Thread 0x000001fa63a7ab50 nmethod 14298 0x000001fa58bf8490 code [0x000001fa58bf8600, 0x000001fa58bf8678]
Event: 720.220 Thread 0x000001fa63a7ab50 14323       4       org.gradle.internal.logging.text.AbstractLineChoppingStyledTextOutput::doStartLine (1 bytes)
Event: 720.220 Thread 0x000001fa63a7c490 14324       3       org.gradle.problems.internal.OperationListener::progress (1 bytes)
Event: 720.220 Thread 0x000001fa63a7ab50 nmethod 14323 0x000001fa58bf8790 code [0x000001fa58bf8900, 0x000001fa58bf8978]
Event: 720.220 Thread 0x000001fa63a7c490 nmethod 14324 0x000001fa52136c90 code [0x000001fa52136e20, 0x000001fa52136f38]
Event: 720.221 Thread 0x000001fa63a7c490 14325       3       org.gradle.internal.execution.DefaultWorkExecutionTracker$OperationListener::progress (1 bytes)
Event: 720.221 Thread 0x000001fa63a7c490 nmethod 14325 0x000001fa52137010 code [0x000001fa521371a0, 0x000001fa521372b8]

GC Heap History (20 events):
Event: 38.281 GC heap before
{Heap before GC invocations=7 (full 0):
 garbage-first heap   total 262144K, used 133116K [0x00000000e0000000, 0x0000000100000000)
  region size 1024K, 113 young (115712K), 16 survivors (16384K)
 Metaspace       used 59554K, committed 60096K, reserved 393216K
  class space    used 8218K, committed 8448K, reserved 327680K
}
Event: 38.303 GC heap after
{Heap after GC invocations=8 (full 0):
 garbage-first heap   total 262144K, used 44032K [0x00000000e0000000, 0x0000000100000000)
  region size 1024K, 10 young (10240K), 10 survivors (10240K)
 Metaspace       used 59554K, committed 60096K, reserved 393216K
  class space    used 8218K, committed 8448K, reserved 327680K
}
Event: 45.982 GC heap before
{Heap before GC invocations=9 (full 0):
 garbage-first heap   total 262144K, used 189440K [0x00000000e0000000, 0x0000000100000000)
  region size 1024K, 153 young (156672K), 10 survivors (10240K)
 Metaspace       used 63825K, committed 64448K, reserved 393216K
  class space    used 8668K, committed 8960K, reserved 327680K
}
Event: 46.005 GC heap after
{Heap after GC invocations=10 (full 0):
 garbage-first heap   total 262144K, used 56150K [0x00000000e0000000, 0x0000000100000000)
  region size 1024K, 20 young (20480K), 20 survivors (20480K)
 Metaspace       used 63825K, committed 64448K, reserved 393216K
  class space    used 8668K, committed 8960K, reserved 327680K
}
Event: 46.035 GC heap before
{Heap before GC invocations=10 (full 0):
 garbage-first heap   total 262144K, used 56150K [0x00000000e0000000, 0x0000000100000000)
  region size 1024K, 21 young (21504K), 20 survivors (20480K)
 Metaspace       used 63835K, committed 64448K, reserved 393216K
  class space    used 8669K, committed 8960K, reserved 327680K
}
Event: 46.059 GC heap after
{Heap after GC invocations=11 (full 0):
 garbage-first heap   total 262144K, used 58315K [0x00000000e0000000, 0x0000000100000000)
  region size 1024K, 3 young (3072K), 3 survivors (3072K)
 Metaspace       used 63835K, committed 64448K, reserved 393216K
  class space    used 8669K, committed 8960K, reserved 327680K
}
Event: 49.228 GC heap before
{Heap before GC invocations=11 (full 0):
 garbage-first heap   total 262144K, used 196555K [0x00000000e0000000, 0x0000000100000000)
  region size 1024K, 138 young (141312K), 3 survivors (3072K)
 Metaspace       used 71402K, committed 71936K, reserved 393216K
  class space    used 9714K, committed 9920K, reserved 327680K
}
Event: 49.248 GC heap after
{Heap after GC invocations=12 (full 0):
 garbage-first heap   total 262144K, used 70963K [0x00000000e0000000, 0x0000000100000000)
  region size 1024K, 15 young (15360K), 15 survivors (15360K)
 Metaspace       used 71402K, committed 71936K, reserved 393216K
  class space    used 9714K, committed 9920K, reserved 327680K
}
Event: 150.490 GC heap before
{Heap before GC invocations=12 (full 0):
 garbage-first heap   total 262144K, used 198963K [0x00000000e0000000, 0x0000000100000000)
  region size 1024K, 139 young (142336K), 15 survivors (15360K)
 Metaspace       used 75590K, committed 76224K, reserved 458752K
  class space    used 10239K, committed 10560K, reserved 327680K
}
Event: 150.567 GC heap after
{Heap after GC invocations=13 (full 0):
 garbage-first heap   total 262144K, used 78502K [0x00000000e0000000, 0x0000000100000000)
  region size 1024K, 10 young (10240K), 10 survivors (10240K)
 Metaspace       used 75590K, committed 76224K, reserved 458752K
  class space    used 10239K, committed 10560K, reserved 327680K
}
Event: 461.738 GC heap before
{Heap before GC invocations=13 (full 0):
 garbage-first heap   total 262144K, used 199334K [0x00000000e0000000, 0x0000000100000000)
  region size 1024K, 129 young (132096K), 10 survivors (10240K)
 Metaspace       used 76175K, committed 76864K, reserved 458752K
  class space    used 10247K, committed 10560K, reserved 327680K
}
Event: 461.849 GC heap after
{Heap after GC invocations=14 (full 0):
 garbage-first heap   total 262144K, used 72587K [0x00000000e0000000, 0x0000000100000000)
  region size 1024K, 2 young (2048K), 2 survivors (2048K)
 Metaspace       used 76175K, committed 76864K, reserved 458752K
  class space    used 10247K, committed 10560K, reserved 327680K
}
Event: 624.085 GC heap before
{Heap before GC invocations=14 (full 0):
 garbage-first heap   total 262144K, used 204683K [0x00000000e0000000, 0x0000000100000000)
  region size 1024K, 132 young (135168K), 2 survivors (2048K)
 Metaspace       used 76696K, committed 77440K, reserved 458752K
  class space    used 10271K, committed 10560K, reserved 327680K
}
Event: 624.140 GC heap after
{Heap after GC invocations=15 (full 0):
 garbage-first heap   total 262144K, used 85173K [0x00000000e0000000, 0x0000000100000000)
  region size 1024K, 14 young (14336K), 14 survivors (14336K)
 Metaspace       used 76696K, committed 77440K, reserved 458752K
  class space    used 10271K, committed 10560K, reserved 327680K
}
Event: 632.583 GC heap before
{Heap before GC invocations=15 (full 0):
 garbage-first heap   total 262144K, used 207029K [0x00000000e0000000, 0x0000000100000000)
  region size 1024K, 131 young (134144K), 14 survivors (14336K)
 Metaspace       used 77335K, committed 78016K, reserved 458752K
  class space    used 10313K, committed 10624K, reserved 327680K
}
Event: 632.595 GC heap after
{Heap after GC invocations=16 (full 0):
 garbage-first heap   total 262144K, used 79632K [0x00000000e0000000, 0x0000000100000000)
  region size 1024K, 7 young (7168K), 7 survivors (7168K)
 Metaspace       used 77335K, committed 78016K, reserved 458752K
  class space    used 10313K, committed 10624K, reserved 327680K
}
Event: 676.845 GC heap before
{Heap before GC invocations=16 (full 0):
 garbage-first heap   total 262144K, used 205584K [0x00000000e0000000, 0x0000000100000000)
  region size 1024K, 130 young (133120K), 7 survivors (7168K)
 Metaspace       used 77464K, committed 78144K, reserved 458752K
  class space    used 10317K, committed 10624K, reserved 327680K
}
Event: 676.848 GC heap after
{Heap after GC invocations=17 (full 0):
 garbage-first heap   total 262144K, used 72801K [0x00000000e0000000, 0x0000000100000000)
  region size 1024K, 2 young (2048K), 2 survivors (2048K)
 Metaspace       used 77464K, committed 78144K, reserved 458752K
  class space    used 10317K, committed 10624K, reserved 327680K
}
Event: 719.840 GC heap before
{Heap before GC invocations=17 (full 0):
 garbage-first heap   total 262144K, used 208993K [0x00000000e0000000, 0x0000000100000000)
  region size 1024K, 136 young (139264K), 2 survivors (2048K)
 Metaspace       used 77603K, committed 78272K, reserved 458752K
  class space    used 10317K, committed 10624K, reserved 327680K
}
Event: 719.856 GC heap after
{Heap after GC invocations=18 (full 0):
 garbage-first heap   total 262144K, used 81930K [0x00000000e0000000, 0x0000000100000000)
  region size 1024K, 11 young (11264K), 11 survivors (11264K)
 Metaspace       used 77603K, committed 78272K, reserved 458752K
  class space    used 10317K, committed 10624K, reserved 327680K
}

Dll operation events (4 events):
Event: 0.063 Loaded shared library C:\Users\spraj\.jdks\jbr-17.0.9\bin\java.dll
Event: 0.299 Loaded shared library C:\Users\spraj\.jdks\jbr-17.0.9\bin\jsvml.dll
Event: 0.687 Loaded shared library C:\Users\spraj\.jdks\jbr-17.0.9\bin\zip.dll
Event: 1.754 Loaded shared library C:\Users\spraj\.jdks\jbr-17.0.9\bin\verify.dll

Deoptimization events (20 events):
Event: 718.199 Thread 0x000001fa6b707f10 Uncommon trap: trap_request=0xffffffc6 fr.pc=0x000001fa5874876c relative=0x000000000000080c
Event: 718.199 Thread 0x000001fa6b707f10 Uncommon trap: reason=bimorphic_or_optimized_type_check action=maybe_recompile pc=0x000001fa5874876c method=java.util.stream.MatchOps$MatchOp.evaluateSequential(Ljava/util/stream/PipelineHelper;Ljava/util/Spliterator;)Ljava/lang/Boolean; @ 14 c2
Event: 718.199 Thread 0x000001fa6b707f10 DEOPT PACKING pc=0x000001fa5874876c sp=0x000000d7455fb9f0
Event: 718.199 Thread 0x000001fa6b707f10 DEOPT UNPACKING pc=0x000001fa57da69a3 sp=0x000000d7455fb928 mode 2
Event: 718.305 Thread 0x000001fa6b707f10 Uncommon trap: trap_request=0xffffffde fr.pc=0x000001fa58439838 relative=0x0000000000000498
Event: 718.305 Thread 0x000001fa6b707f10 Uncommon trap: reason=class_check action=maybe_recompile pc=0x000001fa58439838 method=org.gradle.api.internal.artifacts.dependencies.AbstractVersionConstraint.hashCode()I @ 7 c2
Event: 718.305 Thread 0x000001fa6b707f10 DEOPT PACKING pc=0x000001fa58439838 sp=0x000000d7455f92f0
Event: 718.305 Thread 0x000001fa6b707f10 DEOPT UNPACKING pc=0x000001fa57da69a3 sp=0x000000d7455f92a8 mode 2
Event: 718.319 Thread 0x000001fa6b707f10 Uncommon trap: trap_request=0xffffffbe fr.pc=0x000001fa58b22b94 relative=0x0000000000002554
Event: 718.319 Thread 0x000001fa6b707f10 Uncommon trap: reason=profile_predicate action=maybe_recompile pc=0x000001fa58b22b94 method=org.gradle.internal.component.external.model.maven.DefaultMavenModuleResolveMetadata.filterDependencies(Lorg/gradle/internal/component/external/model/DefaultConfig
Event: 718.319 Thread 0x000001fa6b707f10 DEOPT PACKING pc=0x000001fa58b22b94 sp=0x000000d7455f8100
Event: 718.319 Thread 0x000001fa6b707f10 DEOPT UNPACKING pc=0x000001fa57da69a3 sp=0x000000d7455f8100 mode 2
Event: 718.321 Thread 0x000001fa6b707f10 Uncommon trap: trap_request=0xffffffbe fr.pc=0x000001fa58b22b94 relative=0x0000000000002554
Event: 718.321 Thread 0x000001fa6b707f10 Uncommon trap: reason=profile_predicate action=maybe_recompile pc=0x000001fa58b22b94 method=org.gradle.internal.component.external.model.maven.DefaultMavenModuleResolveMetadata.filterDependencies(Lorg/gradle/internal/component/external/model/DefaultConfig
Event: 718.321 Thread 0x000001fa6b707f10 DEOPT PACKING pc=0x000001fa58b22b94 sp=0x000000d7455f8100
Event: 718.321 Thread 0x000001fa6b707f10 DEOPT UNPACKING pc=0x000001fa57da69a3 sp=0x000000d7455f8100 mode 2
Event: 719.379 Thread 0x000001fa6b704c70 DEOPT PACKING pc=0x000001fa5163078c sp=0x000000d747afafa0
Event: 719.379 Thread 0x000001fa6b704c70 DEOPT UNPACKING pc=0x000001fa57da7143 sp=0x000000d747afa4b0 mode 0
Event: 719.513 Thread 0x000001fa6b704c70 DEOPT PACKING pc=0x000001fa5163078c sp=0x000000d747afafa0
Event: 719.513 Thread 0x000001fa6b704c70 DEOPT UNPACKING pc=0x000001fa57da7143 sp=0x000000d747afa4b0 mode 0

Classes unloaded (0 events):
No events

Classes redefined (0 events):
No events

Internal exceptions (20 events):
Event: 625.936 Thread 0x000001fa6b70c0e0 Exception <a 'sun/nio/fs/WindowsException'{0x00000000ebe3a098}> (0x00000000ebe3a098) 
thrown [s\src\hotspot\share\prims\jni.cpp, line 517]
Event: 625.938 Thread 0x000001fa6b70c0e0 Exception <a 'sun/nio/fs/WindowsException'{0x00000000ebe3ee78}> (0x00000000ebe3ee78) 
thrown [s\src\hotspot\share\prims\jni.cpp, line 517]
Event: 625.941 Thread 0x000001fa6b70c0e0 Exception <a 'sun/nio/fs/WindowsException'{0x00000000ebe470f0}> (0x00000000ebe470f0) 
thrown [s\src\hotspot\share\prims\jni.cpp, line 517]
Event: 625.945 Thread 0x000001fa6b70c0e0 Exception <a 'sun/nio/fs/WindowsException'{0x00000000ebe4a270}> (0x00000000ebe4a270) 
thrown [s\src\hotspot\share\prims\jni.cpp, line 517]
Event: 625.945 Thread 0x000001fa6b70c0e0 Exception <a 'sun/nio/fs/WindowsException'{0x00000000ebe4a560}> (0x00000000ebe4a560) 
thrown [s\src\hotspot\share\prims\jni.cpp, line 517]
Event: 626.134 Thread 0x000001fa6b70c0e0 Exception <a 'sun/nio/fs/WindowsException'{0x00000000eb538b38}> (0x00000000eb538b38) 
thrown [s\src\hotspot\share\prims\jni.cpp, line 517]
Event: 627.340 Thread 0x000001fa6b70c0e0 Exception <a 'java/lang/reflect/InvocationTargetException'{0x00000000eaaa95b8}> (0x00000000eaaa95b8) 
thrown [s\src\hotspot\share\runtime\reflection.cpp, line 1127]
Event: 631.755 Thread 0x000001fa6b709d70 Exception <a 'sun/nio/fs/WindowsException'{0x00000000ea47b4a0}> (0x00000000ea47b4a0) 
thrown [s\src\hotspot\share\prims\jni.cpp, line 517]
Event: 631.755 Thread 0x000001fa6b709d70 Exception <a 'sun/nio/fs/WindowsException'{0x00000000ea47ca28}> (0x00000000ea47ca28) 
thrown [s\src\hotspot\share\prims\jni.cpp, line 517]
Event: 631.757 Thread 0x000001fa6b709d70 Exception <a 'sun/nio/fs/WindowsException'{0x00000000ea47dfb0}> (0x00000000ea47dfb0) 
thrown [s\src\hotspot\share\prims\jni.cpp, line 517]
Event: 631.758 Thread 0x000001fa6b709d70 Exception <a 'sun/nio/fs/WindowsException'{0x00000000ea47f518}> (0x00000000ea47f518) 
thrown [s\src\hotspot\share\prims\jni.cpp, line 517]
Event: 632.047 Thread 0x000001fa6b709d70 Exception <a 'java/lang/NoClassDefFoundError'{0x00000000e9f0db10}: org/jetbrains/kotlin/gradle/plugin/KotlinPluginWrapper> (0x00000000e9f0db10) 
thrown [s\src\hotspot\share\oops\constantPool.cpp, line 835]
Event: 632.047 Thread 0x000001fa6b709d70 Exception <a 'java/lang/NoClassDefFoundError'{0x00000000e9f10158}: org/graalvm/buildtools/gradle/NativeImagePlugin> (0x00000000e9f10158) 
thrown [s\src\hotspot\share\oops\constantPool.cpp, line 835]
Event: 635.172 Thread 0x000001fa6c131490 Exception <a 'java/lang/reflect/InvocationTargetException'{0x00000000e805c920}> (0x00000000e805c920) 
thrown [s\src\hotspot\share\runtime\reflection.cpp, line 1127]
Event: 718.263 Thread 0x000001fa6b707f10 Exception <a 'sun/nio/fs/WindowsException'{0x00000000efdef3d8}> (0x00000000efdef3d8) 
thrown [s\src\hotspot\share\prims\jni.cpp, line 517]
Event: 718.263 Thread 0x000001fa6b707f10 Exception <a 'sun/nio/fs/WindowsException'{0x00000000efdf0960}> (0x00000000efdf0960) 
thrown [s\src\hotspot\share\prims\jni.cpp, line 517]
Event: 718.264 Thread 0x000001fa6b707f10 Exception <a 'sun/nio/fs/WindowsException'{0x00000000efdf1ee8}> (0x00000000efdf1ee8) 
thrown [s\src\hotspot\share\prims\jni.cpp, line 517]
Event: 718.265 Thread 0x000001fa6b707f10 Exception <a 'sun/nio/fs/WindowsException'{0x00000000efdf3450}> (0x00000000efdf3450) 
thrown [s\src\hotspot\share\prims\jni.cpp, line 517]
Event: 718.391 Thread 0x000001fa6b707f10 Exception <a 'java/lang/NoClassDefFoundError'{0x00000000ef861238}: org/jetbrains/kotlin/gradle/plugin/KotlinPluginWrapper> (0x00000000ef861238) 
thrown [s\src\hotspot\share\oops\constantPool.cpp, line 835]
Event: 718.392 Thread 0x000001fa6b707f10 Exception <a 'java/lang/NoClassDefFoundError'{0x00000000ef863ac0}: org/graalvm/buildtools/gradle/NativeImagePlugin> (0x00000000ef863ac0) 
thrown [s\src\hotspot\share\oops\constantPool.cpp, line 835]

VM Operations (20 events):
Event: 635.614 Executing VM operation: Cleanup
Event: 635.614 Executing VM operation: Cleanup done
Event: 636.624 Executing VM operation: Cleanup
Event: 636.624 Executing VM operation: Cleanup done
Event: 637.631 Executing VM operation: Cleanup
Event: 637.631 Executing VM operation: Cleanup done
Event: 661.537 Executing VM operation: HandshakeAllThreads
Event: 661.537 Executing VM operation: HandshakeAllThreads done
Event: 676.845 Executing VM operation: G1CollectForAllocation
Event: 676.848 Executing VM operation: G1CollectForAllocation done
Event: 687.915 Executing VM operation: Cleanup
Event: 687.915 Executing VM operation: Cleanup done
Event: 693.974 Executing VM operation: Cleanup
Event: 693.974 Executing VM operation: Cleanup done
Event: 717.156 Executing VM operation: Cleanup
Event: 717.156 Executing VM operation: Cleanup done
Event: 719.167 Executing VM operation: Cleanup
Event: 719.168 Executing VM operation: Cleanup done
Event: 719.839 Executing VM operation: G1CollectForAllocation
Event: 719.856 Executing VM operation: G1CollectForAllocation done

Events (20 events):
Event: 719.236 Thread 0x000001fa6c91b650 Thread added: 0x000001fa6c91b650
Event: 719.246 Thread 0x000001fa6c91c070 Thread added: 0x000001fa6c91c070
Event: 719.251 Thread 0x000001fa6a6ca4a0 Thread added: 0x000001fa6a6ca4a0
Event: 719.258 Thread 0x000001fa6a6cf090 Thread added: 0x000001fa6a6cf090
Event: 719.264 Thread 0x000001fa6a6d04d0 Thread added: 0x000001fa6a6d04d0
Event: 719.271 Thread 0x000001fa6a6cd230 Thread added: 0x000001fa6a6cd230
Event: 719.277 Thread 0x000001fa6a6c9f90 Thread added: 0x000001fa6a6c9f90
Event: 719.283 Thread 0x000001fa6a6c9060 Thread added: 0x000001fa6a6c9060
Event: 719.289 Thread 0x000001fa6a6ceb80 Thread added: 0x000001fa6a6ceb80
Event: 719.295 Thread 0x000001fa6a6cffc0 Thread added: 0x000001fa6a6cffc0
Event: 719.317 Thread 0x000001fa6a6cc810 Thread added: 0x000001fa6a6cc810
Event: 719.331 Thread 0x000001fa6a6cf5a0 Thread added: 0x000001fa6a6cf5a0
Event: 719.337 Thread 0x000001fa6a6ca9b0 Thread added: 0x000001fa6a6ca9b0
Event: 719.350 Thread 0x000001fa6a6d09e0 Thread added: 0x000001fa6a6d09e0
Event: 719.357 Thread 0x000001fa6a6c9570 Thread added: 0x000001fa6a6c9570
Event: 720.062 Thread 0x000001fa6a6c9a80 Thread added: 0x000001fa6a6c9a80
Event: 720.076 Thread 0x000001fa6a6caec0 Thread added: 0x000001fa6a6caec0
Event: 720.077 Thread 0x000001fa6a6cd740 Thread added: 0x000001fa6a6cd740
Event: 720.077 Thread 0x000001fa6a6ce160 Thread added: 0x000001fa6a6ce160
Event: 720.077 Thread 0x000001fa6a6ce670 Thread added: 0x000001fa6a6ce670


Dynamic libraries:
0x00007ff6896f0000 - 0x00007ff6896fa000 	C:\Users\spraj\.jdks\jbr-17.0.9\bin\java.exe
0x00007ff9caa30000 - 0x00007ff9cac47000 	C:\Windows\SYSTEM32\ntdll.dll
0x00007ff9c9f10000 - 0x00007ff9c9fd4000 	C:\Windows\System32\KERNEL32.DLL
0x00007ff9c7d70000 - 0x00007ff9c8116000 	C:\Windows\System32\KERNELBASE.dll
0x00007ff9c8120000 - 0x00007ff9c8231000 	C:\Windows\System32\ucrtbase.dll
0x00007ff995bd0000 - 0x00007ff995be7000 	C:\Users\spraj\.jdks\jbr-17.0.9\bin\jli.dll
0x00007ff995b00000 - 0x00007ff995b1b000 	C:\Users\spraj\.jdks\jbr-17.0.9\bin\VCRUNTIME140.dll
0x00007ff9ca0d0000 - 0x00007ff9ca27e000 	C:\Windows\System32\USER32.dll
0x00007ff9c85c0000 - 0x00007ff9c85e6000 	C:\Windows\System32\win32u.dll
0x00007ff9c8a90000 - 0x00007ff9c8ab9000 	C:\Windows\System32\GDI32.dll
0x00007ff9c84a0000 - 0x00007ff9c85b8000 	C:\Windows\System32\gdi32full.dll
0x00007ff9c8620000 - 0x00007ff9c86ba000 	C:\Windows\System32\msvcp_win.dll
0x00007ff9b00b0000 - 0x00007ff9b0343000 	C:\Windows\WinSxS\amd64_microsoft.windows.common-controls_6595b64144ccf1df_6.0.22621.2506_none_270c5ae97388e100\COMCTL32.dll
0x00007ff9ca910000 - 0x00007ff9ca9b7000 	C:\Windows\System32\msvcrt.dll
0x00007ff9c88f0000 - 0x00007ff9c8921000 	C:\Windows\System32\IMM32.DLL
0x00007ff9aea80000 - 0x00007ff9aea8c000 	C:\Users\spraj\.jdks\jbr-17.0.9\bin\vcruntime140_1.dll
0x00007ff992960000 - 0x00007ff9929ed000 	C:\Users\spraj\.jdks\jbr-17.0.9\bin\msvcp140.dll
0x00007ff955590000 - 0x00007ff956212000 	C:\Users\spraj\.jdks\jbr-17.0.9\bin\server\jvm.dll
0x00007ff9c8830000 - 0x00007ff9c88e3000 	C:\Windows\System32\ADVAPI32.dll
0x00007ff9c9480000 - 0x00007ff9c9528000 	C:\Windows\System32\sechost.dll
0x00007ff9c85f0000 - 0x00007ff9c8618000 	C:\Windows\System32\bcrypt.dll
0x00007ff9c9df0000 - 0x00007ff9c9f07000 	C:\Windows\System32\RPCRT4.dll
0x00007ff9c7c40000 - 0x00007ff9c7c8d000 	C:\Windows\SYSTEM32\POWRPROF.dll
0x00007ff9c1f80000 - 0x00007ff9c1f8a000 	C:\Windows\SYSTEM32\VERSION.dll
0x00007ff9c4c00000 - 0x00007ff9c4c09000 	C:\Windows\SYSTEM32\WSOCK32.dll
0x00007ff9ca410000 - 0x00007ff9ca481000 	C:\Windows\System32\WS2_32.dll
0x00007ff9c0250000 - 0x00007ff9c0284000 	C:\Windows\SYSTEM32\WINMM.dll
0x00007ff9c7a70000 - 0x00007ff9c7a83000 	C:\Windows\SYSTEM32\UMPDC.dll
0x00007ff9c6d70000 - 0x00007ff9c6d88000 	C:\Windows\SYSTEM32\kernel.appcore.dll
0x00007ff9ae670000 - 0x00007ff9ae67a000 	C:\Users\spraj\.jdks\jbr-17.0.9\bin\jimage.dll
0x00007ff9c5650000 - 0x00007ff9c5883000 	C:\Windows\SYSTEM32\DBGHELP.DLL
0x00007ff9c95e0000 - 0x00007ff9c9969000 	C:\Windows\System32\combase.dll
0x00007ff9c9ff0000 - 0x00007ff9ca0c7000 	C:\Windows\System32\OLEAUT32.dll
0x00007ff9a91c0000 - 0x00007ff9a91f2000 	C:\Windows\SYSTEM32\dbgcore.DLL
0x00007ff9c8240000 - 0x00007ff9c82ba000 	C:\Windows\System32\bcryptPrimitives.dll
0x00007ff9ad690000 - 0x00007ff9ad69e000 	C:\Users\spraj\.jdks\jbr-17.0.9\bin\instrument.dll
0x00007ff994030000 - 0x00007ff994055000 	C:\Users\spraj\.jdks\jbr-17.0.9\bin\java.dll
0x00007ff993780000 - 0x00007ff993798000 	C:\Users\spraj\.jdks\jbr-17.0.9\bin\zip.dll
0x00007ff992880000 - 0x00007ff992957000 	C:\Users\spraj\.jdks\jbr-17.0.9\bin\jsvml.dll
0x00007ff9c8c20000 - 0x00007ff9c947b000 	C:\Windows\System32\SHELL32.dll
0x00007ff9c5c80000 - 0x00007ff9c6576000 	C:\Windows\SYSTEM32\windows.storage.dll
0x00007ff9c5b40000 - 0x00007ff9c5c7e000 	C:\Windows\SYSTEM32\wintypes.dll
0x00007ff9ca280000 - 0x00007ff9ca373000 	C:\Windows\System32\SHCORE.dll
0x00007ff9c8930000 - 0x00007ff9c898e000 	C:\Windows\System32\shlwapi.dll
0x00007ff9c7ca0000 - 0x00007ff9c7cc6000 	C:\Windows\SYSTEM32\profapi.dll
0x00007ff992860000 - 0x00007ff992879000 	C:\Users\spraj\.jdks\jbr-17.0.9\bin\net.dll
0x00007ff9c1700000 - 0x00007ff9c1837000 	C:\Windows\SYSTEM32\WINHTTP.dll
0x00007ff9c71f0000 - 0x00007ff9c7259000 	C:\Windows\system32\mswsock.dll
0x00007ff992840000 - 0x00007ff992856000 	C:\Users\spraj\.jdks\jbr-17.0.9\bin\nio.dll
0x00007ff9acd20000 - 0x00007ff9acd30000 	C:\Users\spraj\.jdks\jbr-17.0.9\bin\verify.dll
0x00007ff99b520000 - 0x00007ff99b547000 	C:\Users\spraj\.gradle\native\c067742578af261105cb4f569cf0c3c89f3d7b1fecec35dd04571415982c5e48\windows-amd64\native-platform.dll
0x00007ff9693d0000 - 0x00007ff969514000 	C:\Users\spraj\.gradle\native\38dada09dfb8b06ba9b0570ebf7e218e3eb74d4ef43ca46872605cf95ebc2f47\windows-amd64\native-platform-file-events.dll
0x00007ff9acbe0000 - 0x00007ff9acbe9000 	C:\Users\spraj\.jdks\jbr-17.0.9\bin\management.dll
0x00007ff9ac100000 - 0x00007ff9ac10b000 	C:\Users\spraj\.jdks\jbr-17.0.9\bin\management_ext.dll
0x00007ff9ca490000 - 0x00007ff9ca498000 	C:\Windows\System32\PSAPI.DLL
0x00007ff9c7460000 - 0x00007ff9c747b000 	C:\Windows\SYSTEM32\CRYPTSP.dll
0x00007ff9c6cd0000 - 0x00007ff9c6d05000 	C:\Windows\system32\rsaenh.dll
0x00007ff9c7300000 - 0x00007ff9c732c000 	C:\Windows\SYSTEM32\USERENV.dll
0x00007ff9c7480000 - 0x00007ff9c748c000 	C:\Windows\SYSTEM32\CRYPTBASE.dll
0x00007ff9c67e0000 - 0x00007ff9c680d000 	C:\Windows\SYSTEM32\IPHLPAPI.DLL
0x00007ff9ca400000 - 0x00007ff9ca409000 	C:\Windows\System32\NSI.dll
0x00007ff9c1fb0000 - 0x00007ff9c1fc9000 	C:\Windows\SYSTEM32\dhcpcsvc6.DLL
0x00007ff9c1f90000 - 0x00007ff9c1faf000 	C:\Windows\SYSTEM32\dhcpcsvc.DLL
0x00007ff9c6850000 - 0x00007ff9c6949000 	C:\Windows\SYSTEM32\DNSAPI.dll
0x00007ff9aad20000 - 0x00007ff9aad2e000 	C:\Users\spraj\.jdks\jbr-17.0.9\bin\sunmscapi.dll
0x00007ff9c82c0000 - 0x00007ff9c8426000 	C:\Windows\System32\CRYPT32.dll
0x00007ff9c7640000 - 0x00007ff9c766e000 	C:\Windows\SYSTEM32\ncrypt.dll
0x00007ff9c7600000 - 0x00007ff9c7637000 	C:\Windows\SYSTEM32\NTASN1.dll
0x00007ff9aacc0000 - 0x00007ff9aacc8000 	C:\Windows\system32\wshunix.dll

dbghelp: loaded successfully - version: 4.0.5 - missing functions: none
symbol engine: initialized successfully - sym options: 0x614 - pdb path: .;C:\Users\spraj\.jdks\jbr-17.0.9\bin;C:\Windows\SYSTEM32;C:\Windows\WinSxS\amd64_microsoft.windows.common-controls_6595b64144ccf1df_6.0.22621.2506_none_270c5ae97388e100;C:\Users\spraj\.jdks\jbr-17.0.9\bin\server;C:\Users\spraj\.gradle\native\c067742578af261105cb4f569cf0c3c89f3d7b1fecec35dd04571415982c5e48\windows-amd64;C:\Users\spraj\.gradle\native\38dada09dfb8b06ba9b0570ebf7e218e3eb74d4ef43ca46872605cf95ebc2f47\windows-amd64

VM Arguments:
jvm_args: --add-opens=java.base/java.util=ALL-UNNAMED --add-opens=java.base/java.lang=ALL-UNNAMED --add-opens=java.base/java.lang.invoke=ALL-UNNAMED --add-opens=java.prefs/java.util.prefs=ALL-UNNAMED --add-opens=java.base/java.nio.charset=ALL-UNNAMED --add-opens=java.base/java.net=ALL-UNNAMED --add-opens=java.base/java.util.concurrent.atomic=ALL-UNNAMED -XX:MaxMetaspaceSize=384m -XX:+HeapDumpOnOutOfMemoryError -Xms256m -Xmx512m -Dfile.encoding=windows-1252 -Duser.country=IN -Duser.language=en -Duser.variant -javaagent:C:\Users\spraj\.gradle\wrapper\dists\gradle-8.5-bin\5t9huq95ubn472n8rpzujfbqh\gradle-8.5\lib\agents\gradle-instrumentation-agent-8.5.jar 
java_command: org.gradle.launcher.daemon.bootstrap.GradleDaemon 8.5
java_class_path (initial): C:\Users\spraj\.gradle\wrapper\dists\gradle-8.5-bin\5t9huq95ubn472n8rpzujfbqh\gradle-8.5\lib\gradle-launcher-8.5.jar
Launcher Type: SUN_STANDARD

[Global flags]
     intx CICompilerCount                          = 4                                         {product} {ergonomic}
   size_t CompressedClassSpaceSize                 = 335544320                                 {product} {ergonomic}
     uint ConcGCThreads                            = 2                                         {product} {ergonomic}
     uint G1ConcRefinementThreads                  = 8                                         {product} {ergonomic}
   size_t G1HeapRegionSize                         = 1048576                                   {product} {ergonomic}
    uintx GCDrainStackTargetSize                   = 64                                        {product} {ergonomic}
     bool HeapDumpOnOutOfMemoryError               = true                                   {manageable} {command line}
   size_t InitialHeapSize                          = 268435456                                 {product} {command line}
   size_t MarkStackSize                            = 4194304                                   {product} {ergonomic}
   size_t MaxHeapSize                              = 536870912                                 {product} {command line}
   size_t MaxMetaspaceSize                         = 402653184                                 {product} {command line}
   size_t MaxNewSize                               = 321912832                                 {product} {ergonomic}
   size_t MinHeapDeltaBytes                        = 1048576                                   {product} {ergonomic}
   size_t MinHeapSize                              = 268435456                                 {product} {command line}
    uintx NonNMethodCodeHeapSize                   = 5839372                                {pd product} {ergonomic}
    uintx NonProfiledCodeHeapSize                  = 122909434                              {pd product} {ergonomic}
    uintx ProfiledCodeHeapSize                     = 122909434                              {pd product} {ergonomic}
    uintx ReservedCodeCacheSize                    = 251658240                              {pd product} {ergonomic}
     bool SegmentedCodeCache                       = true                                      {product} {ergonomic}
   size_t SoftMaxHeapSize                          = 536870912                              {manageable} {ergonomic}
     bool UseCompressedClassPointers               = true                           {product lp64_product} {ergonomic}
     bool UseCompressedOops                        = true                           {product lp64_product} {ergonomic}
     bool UseG1GC                                  = true                                      {product} {ergonomic}
     bool UseLargePagesIndividualAllocation        = false                                  {pd product} {ergonomic}

Logging:
Log output configuration:
 #0: stdout all=warning uptime,level,tags
 #1: stderr all=off uptime,level,tags

Environment Variables:
JAVA_HOME=C:\Program Files\Java\jdk1.8.0_202
PATH=C:\Python312\Scripts\;C:\Python312\;C:\Program Files\Maven\apache-maven-3.9.5\bin;C:\Python311\;C:\Windows\system32;C:\Windows;C:\Windows\System32\Wbem;C:\Windows\System32\WindowsPowerShell\v1.0\;C:\Windows\System32\OpenSSH\;C:\ProgramData\chocolatey\bin;C:\Program Files\MySQL\MySQL Server 8.0\bin;C:\Program Files\Maven\apache-maven-3.9.5\bin\bin;C:\Program Files\Java\jdk1.8.0_202;C:\Program Files\Java\jdk1.8.0_202\bin;C:\Program Files\nodejs\;C:\Program Files\Git\cmd;C:\Users\spraj\Downloads\gradle-8.6-all\gradle-8.6\bin;C:\Program Files\MySQL\MySQL Shell 8.0\bin\;C:\Users\spraj\AppData\Local\Microsoft\WindowsApps;C:\Users\spraj\AppData\Local\Programs\Microsoft VS Code\bin;C:\Users\spraj\AppData\Local\JetBrains\IntelliJ IDEA Educational Edition 2021.3.4\bin;;C:\Program Files\Java\jdk1.8.0_202\bin;C:\Program Files\Maven\apache-maven-3.9.5\bin;C:\Users\spraj\AppData\Roaming\npm;C:\Users\spraj\Downloads\gradle-8.6-all.zip\gradle-8.6\bin;
USERNAME=spraj
OS=Windows_NT
PROCESSOR_IDENTIFIER=Intel64 Family 6 Model 142 Stepping 12, GenuineIntel
TMP=C:\Users\spraj\AppData\Local\Temp
TEMP=C:\Users\spraj\AppData\Local\Temp



Periodic native trim disabled

JNI global refs:
JNI global refs: 26, weak refs: 0

JNI global refs memory usage: 843, weak refs: 209

OOME stack traces (most recent first):
Classloader memory used:
Loader org.gradle.internal.classloader.VisitableURLClassLoader                         : 4070K
Loader bootstrap                                                                       : 2614K
Loader org.gradle.initialization.MixInLegacyTypesClassLoader                           : 1455K
Loader jdk.internal.loader.ClassLoaders$AppClassLoader                                 : 1012K
Loader org.gradle.internal.classloader.VisitableURLClassLoader$InstrumentingVisitableURLClassLoader: 357K
Loader jdk.internal.loader.ClassLoaders$PlatformClassLoader                            : 99126B
Loader jdk.internal.reflect.DelegatingClassLoader                                      : 71603B
Loader org.gradle.groovy.scripts.internal.DefaultScriptCompilationHandler$ScriptClassLoader: 17849B
Loader org.codehaus.groovy.runtime.callsite.CallSiteClassLoader                        : 5196B
Loader org.gradle.internal.classloader.VisitableURLClassLoader                         : 4589B

Classes loaded by more than one classloader:
Class org.gradle.internal.installation.GradleInstallation                             : loaded 2 times (x 73B)
Class org.gradle.internal.classpath.ClassPath                                         : loaded 2 times (x 68B)
Class org.gradle.api.internal.classpath.DefaultModuleRegistry                         : loaded 2 times (x 84B)
Class org.gradle.api.Action                                                           : loaded 2 times (x 68B)
Class org.gradle.api.internal.DefaultClassPathProvider                                : loaded 2 times (x 74B)
Class org.gradle.internal.installation.GradleInstallation$1                           : loaded 2 times (x 73B)
Class org.gradle.internal.classloader.FilteringClassLoader                            : loaded 2 times (x 103B)
Class org.gradle.internal.classpath.DefaultClassPath$ImmutableUniqueList$Builder      : loaded 2 times (x 73B)
Class org.gradle.internal.classloader.ClassLoaderVisitor                              : loaded 2 times (x 74B)
Class org.gradle.internal.service.DefaultServiceLocator                               : loaded 2 times (x 81B)
Class org.gradle.internal.service.UnknownServiceException                             : loaded 2 times (x 81B)
Class org.gradle.internal.classloader.DefaultClassLoaderFactory                       : loaded 2 times (x 80B)
Class build_ev5semmq2z4i930ier7vzl4ql                                                 : loaded 2 times (x 178B)
Class org.gradle.internal.classloader.VisitableURLClassLoader$Spec                    : loaded 2 times (x 72B)
Class org.gradle.api.GradleException                                                  : loaded 2 times (x 80B)
Class build_ev5semmq2z4i930ier7vzl4ql$_run_closure1                                   : loaded 2 times (x 137B)
Class org.gradle.api.internal.classpath.ModuleRegistry                                : loaded 2 times (x 68B)
Class org.gradle.api.internal.ClassPathProvider                                       : loaded 2 times (x 68B)
Class org.gradle.internal.classloader.ClasspathUtil$1                                 : loaded 2 times (x 74B)
Class org.gradle.internal.classloader.ClassLoaderFactory                              : loaded 2 times (x 68B)
Class org.gradle.api.internal.classpath.ManifestUtil                                  : loaded 2 times (x 69B)
Class org.gradle.api.specs.Spec                                                       : loaded 2 times (x 68B)
Class org.gradle.internal.IoActions                                                   : loaded 2 times (x 69B)
Class org.gradle.api.internal.classpath.EffectiveClassPath                            : loaded 2 times (x 88B)
Class org.gradle.internal.installation.CurrentGradleInstallation                      : loaded 2 times (x 71B)
Class org.gradle.internal.agents.InstrumentingClassLoader                             : loaded 2 times (x 68B)
Class org.gradle.internal.installation.CurrentGradleInstallationLocator               : loaded 2 times (x 69B)
Class org.gradle.api.internal.classpath.Module                                        : loaded 2 times (x 68B)
Class org.gradle.internal.service.CachingServiceLocator                               : loaded 2 times (x 80B)
Class org.gradle.internal.classpath.DefaultClassPath                                  : loaded 2 times (x 88B)
Class org.gradle.internal.classloader.SystemClassLoaderSpec                           : loaded 2 times (x 69B)
Class org.gradle.api.UncheckedIOException                                             : loaded 2 times (x 80B)
Class org.gradle.internal.classloader.ClasspathUtil                                   : loaded 2 times (x 69B)
Class org.gradle.api.internal.DefaultClassPathRegistry                                : loaded 2 times (x 74B)
Class org.gradle.api.internal.classpath.DefaultModuleRegistry$DefaultModule           : loaded 2 times (x 84B)
Class org.gradle.api.internal.classpath.UnknownModuleException                        : loaded 2 times (x 80B)
Class org.gradle.internal.service.ServiceLookupException                              : loaded 2 times (x 80B)
Class org.gradle.cache.GlobalCache                                                    : loaded 2 times (x 68B)
Class [Lorg.gradle.api.internal.ClassPathProvider;                                    : loaded 2 times (x 67B)
Class org.gradle.util.internal.GUtil                                                  : loaded 2 times (x 69B)
Class org.gradle.internal.classloader.ClassLoaderSpec                                 : loaded 2 times (x 69B)
Class org.gradle.internal.classloader.VisitableURLClassLoader                         : loaded 2 times (x 115B)
Class org.gradle.internal.Cast                                                        : loaded 2 times (x 69B)
Class org.gradle.api.internal.ClassPathRegistry                                       : loaded 2 times (x 68B)
Class org.gradle.internal.classloader.VisitableURLClassLoader$InstrumentingVisitableURLClassLoader: loaded 2 times (x 121B)
Class org.gradle.internal.classloader.ClassLoaderHierarchy                            : loaded 2 times (x 68B)
Class org.gradle.internal.InternalTransformer                                         : loaded 2 times (x 68B)
Class org.gradle.internal.service.ServiceLocator                                      : loaded 2 times (x 68B)
Class org.gradle.internal.classpath.DefaultClassPath$ImmutableUniqueList              : loaded 2 times (x 159B)
Class org.gradle.internal.classpath.TransformedClassPath                              : loaded 2 times (x 94B)


---------------  S Y S T E M  ---------------

OS:
 Windows 11 , 64 bit Build 22621 (10.0.22621.3085)
OS uptime: 10 days 3:14 hours
Hyper-V role detected

CPU: total 8 (initial active 8) (4 cores per cpu, 2 threads per core) family 6 model 142 stepping 12 microcode 0xf8, cx8, cmov, fxsr, ht, mmx, 3dnowpref, sse, sse2, sse3, ssse3, sse4.1, sse4.2, popcnt, lzcnt, tsc, tscinvbit, avx, avx2, aes, erms, clmul, bmi1, bmi2, adx, fma, vzeroupper, clflush, clflushopt, hv
Processor Information for all 8 processors :
  Max Mhz: 2112, Current Mhz: 1609, Mhz Limit: 1605

Memory: 4k page, system-wide physical 8014M (399M free)
TotalPageFile size 32590M (AvailPageFile size 186M)
current process WorkingSet (physical memory assigned to process): 382M, peak: 438M
current process commit charge ("private bytes"): 549M, peak: 552M

vm_info: OpenJDK 64-Bit Server VM (17.0.9+8-b1166.2) for windows-amd64 JRE (17.0.9+8-b1166.2), built on 2024-01-13 by "builduser" with MS VC++ 16.10 / 16.11 (VS2019)

END.
