#
# There is insufficient memory for the Java Runtime Environment to continue.
# Native memory allocation (mmap) failed to map 65536 bytes for Failed to commit metaspace.
# Possible reasons:
#   The system is out of physical RAM or swap space
#   The process is running with CompressedOops enabled, and the Java Heap may be blocking the growth of the native heap
# Possible solutions:
#   Reduce memory load on the system
#   Increase physical memory or swap space
#   Check if swap backing store is full
#   Decrease Java heap size (-Xmx/-Xms)
#
#  Out of Memory Error (virtualSpaceNode.cpp:110), pid=20532, tid=300
#
# JRE version: OpenJDK Runtime Environment JBR-17.0.9+8-1166.2-nomod (17.0.9+8) (build 17.0.9+8-b1166.2)
# Java VM: OpenJDK 64-Bit Server VM JBR-17.0.9+8-1166.2-nomod (17.0.9+8-b1166.2, mixed mode, tiered, compressed oops, compressed class ptrs, g1 gc, windows-amd64)
# No core dump will be written. Minidumps are not enabled by default on client versions of Windows
#

---------------  S U M M A R Y ------------

Command Line: -Dfile.encoding=windows-1252 -Duser.country=IN -Duser.language=en -Duser.variant com.tambola.service.impl.Test

Host: Intel(R) Core(TM) i5-10210U CPU @ 1.60GHz, 8 cores, 7G,  Windows 11 , 64 bit Build 22621 (10.0.22621.3085)
Time: Sun Feb 11 17:23:36 2024 US Eastern Standard Time elapsed time: 0.323499 seconds (0d 0h 0m 0s)

---------------  T H R E A D  ---------------

Current thread (0x000001fb8b0645b0):  JavaThread "main" [_thread_in_vm, id=300, stack(0x0000006e00c00000,0x0000006e00d00000)]

Stack: [0x0000006e00c00000,0x0000006e00d00000]
Native frames: (J=compiled Java code, j=interpreted, Vv=VM code, C=native code)
V  [jvm.dll+0x688349]
V  [jvm.dll+0x841bfa]
V  [jvm.dll+0x84383e]
V  [jvm.dll+0x843ea3]
V  [jvm.dll+0x24bdef]
V  [jvm.dll+0x83cbdb]
V  [jvm.dll+0x62c746]
V  [jvm.dll+0x1c2eee]
V  [jvm.dll+0x62f0a1]
V  [jvm.dll+0x62d0e6]
V  [jvm.dll+0x374112]
V  [jvm.dll+0x1e6cfb]
V  [jvm.dll+0x54de75]
V  [jvm.dll+0x7baf35]
V  [jvm.dll+0x7bb04e]
V  [jvm.dll+0x41637a]
V  [jvm.dll+0x41c519]
C  [java.dll+0x17ec]

Java frames: (J=compiled Java code, j=interpreted, Vv=VM code)
j  java.lang.ClassLoader.defineClass1(Ljava/lang/ClassLoader;Ljava/lang/String;[BIILjava/security/ProtectionDomain;Ljava/lang/String;)Ljava/lang/Class;+0 java.base@17.0.9
j  java.lang.ClassLoader.defineClass(Ljava/lang/String;[BIILjava/security/ProtectionDomain;)Ljava/lang/Class;+27 java.base@17.0.9
j  java.security.SecureClassLoader.defineClass(Ljava/lang/String;[BIILjava/security/CodeSource;)Ljava/lang/Class;+12 java.base@17.0.9
j  jdk.internal.loader.BuiltinClassLoader.defineClass(Ljava/lang/String;Ljdk/internal/loader/Resource;)Ljava/lang/Class;+117 java.base@17.0.9
j  jdk.internal.loader.BuiltinClassLoader.findClassOnClassPathOrNull(Ljava/lang/String;)Ljava/lang/Class;+37 java.base@17.0.9
j  jdk.internal.loader.BuiltinClassLoader.loadClassOrNull(Ljava/lang/String;Z)Ljava/lang/Class;+111 java.base@17.0.9
j  jdk.internal.loader.BuiltinClassLoader.loadClass(Ljava/lang/String;Z)Ljava/lang/Class;+3 java.base@17.0.9
j  jdk.internal.loader.ClassLoaders$AppClassLoader.loadClass(Ljava/lang/String;Z)Ljava/lang/Class;+36 java.base@17.0.9
j  java.lang.ClassLoader.loadClass(Ljava/lang/String;)Ljava/lang/Class;+3 java.base@17.0.9
v  ~StubRoutines::call_stub
j  java.lang.Class.forName0(Ljava/lang/String;ZLjava/lang/ClassLoader;Ljava/lang/Class;)Ljava/lang/Class;+0 java.base@17.0.9
j  java.lang.Class.forName(Ljava/lang/String;ZLjava/lang/ClassLoader;)Ljava/lang/Class;+43 java.base@17.0.9
j  sun.launcher.LauncherHelper.loadMainClass(ILjava/lang/String;)Ljava/lang/Class;+95 java.base@17.0.9
j  sun.launcher.LauncherHelper.checkAndLoadMain(ZILjava/lang/String;)Ljava/lang/Class;+42 java.base@17.0.9
v  ~StubRoutines::call_stub

---------------  P R O C E S S  ---------------

Threads class SMR info:
_java_thread_list=0x000001fba5359300, length=12, elements={
0x000001fb8b0645b0, 0x000001fba5183260, 0x000001fba51860f0, 0x000001fba502c5a0,
0x000001fba502e170, 0x000001fba51ad010, 0x000001fba51ad5e0, 0x000001fba51b17d0,
0x000001fba51b2680, 0x000001fba51d0c20, 0x000001fba5372ab0, 0x000001fba537b1a0
}

Java Threads: ( => current thread )
=>0x000001fb8b0645b0 JavaThread "main" [_thread_in_vm, id=300, stack(0x0000006e00c00000,0x0000006e00d00000)]
  0x000001fba5183260 JavaThread "Reference Handler" daemon [_thread_blocked, id=23436, stack(0x0000006e01300000,0x0000006e01400000)]
  0x000001fba51860f0 JavaThread "Finalizer" daemon [_thread_blocked, id=13288, stack(0x0000006e01400000,0x0000006e01500000)]
  0x000001fba502c5a0 JavaThread "Signal Dispatcher" daemon [_thread_blocked, id=16816, stack(0x0000006e01500000,0x0000006e01600000)]
  0x000001fba502e170 JavaThread "Attach Listener" daemon [_thread_blocked, id=11400, stack(0x0000006e01600000,0x0000006e01700000)]
  0x000001fba51ad010 JavaThread "Service Thread" daemon [_thread_blocked, id=10932, stack(0x0000006e01700000,0x0000006e01800000)]
  0x000001fba51ad5e0 JavaThread "Monitor Deflation Thread" daemon [_thread_blocked, id=9080, stack(0x0000006e01800000,0x0000006e01900000)]
  0x000001fba51b17d0 JavaThread "C2 CompilerThread0" daemon [_thread_blocked, id=14952, stack(0x0000006e01900000,0x0000006e01a00000)]
  0x000001fba51b2680 JavaThread "C1 CompilerThread0" daemon [_thread_blocked, id=23888, stack(0x0000006e01a00000,0x0000006e01b00000)]
  0x000001fba51d0c20 JavaThread "Sweeper thread" daemon [_thread_blocked, id=21412, stack(0x0000006e01b00000,0x0000006e01c00000)]
  0x000001fba5372ab0 JavaThread "Notification Thread" daemon [_thread_blocked, id=22880, stack(0x0000006e01c00000,0x0000006e01d00000)]
  0x000001fba537b1a0 JavaThread "Common-Cleaner" daemon [_thread_blocked, id=12500, stack(0x0000006e01e00000,0x0000006e01f00000)]

Other Threads:
  0x000001fba5170630 VMThread "VM Thread" [stack: 0x0000006e01200000,0x0000006e01300000] [id=17248]
  0x000001fba52da5d0 WatcherThread [stack: 0x0000006e01d00000,0x0000006e01e00000] [id=4332]
  0x000001fb8b0bec60 GCTaskThread "GC Thread#0" [stack: 0x0000006e00d00000,0x0000006e00e00000] [id=6320]
  0x000001fb8b0cf630 ConcurrentGCThread "G1 Main Marker" [stack: 0x0000006e00e00000,0x0000006e00f00000] [id=23368]
  0x000001fb8b0d07f0 ConcurrentGCThread "G1 Conc#0" [stack: 0x0000006e00f00000,0x0000006e01000000] [id=22608]
  0x000001fba4e8a9a0 ConcurrentGCThread "G1 Refine#0" [stack: 0x0000006e01000000,0x0000006e01100000] [id=8596]
  0x000001fba4e8b3d0 ConcurrentGCThread "G1 Service" [stack: 0x0000006e01100000,0x0000006e01200000] [id=11804]

Threads with active compile tasks:

VM state: not at safepoint (normal execution)

VM Mutex/Monitor currently owned by a thread:  ([mutex/lock_event])
[0x000001fb88ece1b0] Metaspace_lock - owner thread: 0x000001fb8b0645b0

Heap address: 0x0000000082c00000, size: 2004 MB, Compressed Oops mode: 32-bit

CDS archive(s) not mapped
Compressed class space mapped at: 0x0000000100000000-0x0000000140000000, reserved size: 1073741824
Narrow klass base: 0x0000000000000000, Narrow klass shift: 3, Narrow klass range: 0x140000000

GC Precious Log:
 CPUs: 8 total, 8 available
 Memory: 8014M
 Large Page Support: Disabled
 NUMA Support: Disabled
 Compressed Oops: Enabled (32-bit)
 Heap Region Size: 1M
 Heap Min Capacity: 8M
 Heap Initial Capacity: 126M
 Heap Max Capacity: 2004M
 Pre-touch: Disabled
 Parallel Workers: 8
 Concurrent Workers: 2
 Concurrent Refinement Workers: 8
 Periodic GC: Disabled

Heap:
 garbage-first heap   total 129024K, used 1024K [0x0000000082c00000, 0x0000000100000000)
  region size 1024K, 2 young (2048K), 0 survivors (0K)
 Metaspace       used 4001K, committed 4160K, reserved 1114112K
  class space    used 330K, committed 384K, reserved 1048576K

Heap Regions: E=young(eden), S=young(survivor), O=old, HS=humongous(starts), HC=humongous(continues), CS=collection set, F=free, OA=open archive, CA=closed archive, TAMS=top-at-mark-start (previous, next)
|   0|0x0000000082c00000, 0x0000000082c00000, 0x0000000082d00000|  0%| F|  |TAMS 0x0000000082c00000, 0x0000000082c00000| Untracked 
|   1|0x0000000082d00000, 0x0000000082d00000, 0x0000000082e00000|  0%| F|  |TAMS 0x0000000082d00000, 0x0000000082d00000| Untracked 
|   2|0x0000000082e00000, 0x0000000082e00000, 0x0000000082f00000|  0%| F|  |TAMS 0x0000000082e00000, 0x0000000082e00000| Untracked 
|   3|0x0000000082f00000, 0x0000000082f00000, 0x0000000083000000|  0%| F|  |TAMS 0x0000000082f00000, 0x0000000082f00000| Untracked 
|   4|0x0000000083000000, 0x0000000083000000, 0x0000000083100000|  0%| F|  |TAMS 0x0000000083000000, 0x0000000083000000| Untracked 
|   5|0x0000000083100000, 0x0000000083100000, 0x0000000083200000|  0%| F|  |TAMS 0x0000000083100000, 0x0000000083100000| Untracked 
|   6|0x0000000083200000, 0x0000000083200000, 0x0000000083300000|  0%| F|  |TAMS 0x0000000083200000, 0x0000000083200000| Untracked 
|   7|0x0000000083300000, 0x0000000083300000, 0x0000000083400000|  0%| F|  |TAMS 0x0000000083300000, 0x0000000083300000| Untracked 
|   8|0x0000000083400000, 0x0000000083400000, 0x0000000083500000|  0%| F|  |TAMS 0x0000000083400000, 0x0000000083400000| Untracked 
|   9|0x0000000083500000, 0x0000000083500000, 0x0000000083600000|  0%| F|  |TAMS 0x0000000083500000, 0x0000000083500000| Untracked 
|  10|0x0000000083600000, 0x0000000083600000, 0x0000000083700000|  0%| F|  |TAMS 0x0000000083600000, 0x0000000083600000| Untracked 
|  11|0x0000000083700000, 0x0000000083700000, 0x0000000083800000|  0%| F|  |TAMS 0x0000000083700000, 0x0000000083700000| Untracked 
|  12|0x0000000083800000, 0x0000000083800000, 0x0000000083900000|  0%| F|  |TAMS 0x0000000083800000, 0x0000000083800000| Untracked 
|  13|0x0000000083900000, 0x0000000083900000, 0x0000000083a00000|  0%| F|  |TAMS 0x0000000083900000, 0x0000000083900000| Untracked 
|  14|0x0000000083a00000, 0x0000000083a00000, 0x0000000083b00000|  0%| F|  |TAMS 0x0000000083a00000, 0x0000000083a00000| Untracked 
|  15|0x0000000083b00000, 0x0000000083b00000, 0x0000000083c00000|  0%| F|  |TAMS 0x0000000083b00000, 0x0000000083b00000| Untracked 
|  16|0x0000000083c00000, 0x0000000083c00000, 0x0000000083d00000|  0%| F|  |TAMS 0x0000000083c00000, 0x0000000083c00000| Untracked 
|  17|0x0000000083d00000, 0x0000000083d00000, 0x0000000083e00000|  0%| F|  |TAMS 0x0000000083d00000, 0x0000000083d00000| Untracked 
|  18|0x0000000083e00000, 0x0000000083e00000, 0x0000000083f00000|  0%| F|  |TAMS 0x0000000083e00000, 0x0000000083e00000| Untracked 
|  19|0x0000000083f00000, 0x0000000083f00000, 0x0000000084000000|  0%| F|  |TAMS 0x0000000083f00000, 0x0000000083f00000| Untracked 
|  20|0x0000000084000000, 0x0000000084000000, 0x0000000084100000|  0%| F|  |TAMS 0x0000000084000000, 0x0000000084000000| Untracked 
|  21|0x0000000084100000, 0x0000000084100000, 0x0000000084200000|  0%| F|  |TAMS 0x0000000084100000, 0x0000000084100000| Untracked 
|  22|0x0000000084200000, 0x0000000084200000, 0x0000000084300000|  0%| F|  |TAMS 0x0000000084200000, 0x0000000084200000| Untracked 
|  23|0x0000000084300000, 0x0000000084300000, 0x0000000084400000|  0%| F|  |TAMS 0x0000000084300000, 0x0000000084300000| Untracked 
|  24|0x0000000084400000, 0x0000000084400000, 0x0000000084500000|  0%| F|  |TAMS 0x0000000084400000, 0x0000000084400000| Untracked 
|  25|0x0000000084500000, 0x0000000084500000, 0x0000000084600000|  0%| F|  |TAMS 0x0000000084500000, 0x0000000084500000| Untracked 
|  26|0x0000000084600000, 0x0000000084600000, 0x0000000084700000|  0%| F|  |TAMS 0x0000000084600000, 0x0000000084600000| Untracked 
|  27|0x0000000084700000, 0x0000000084700000, 0x0000000084800000|  0%| F|  |TAMS 0x0000000084700000, 0x0000000084700000| Untracked 
|  28|0x0000000084800000, 0x0000000084800000, 0x0000000084900000|  0%| F|  |TAMS 0x0000000084800000, 0x0000000084800000| Untracked 
|  29|0x0000000084900000, 0x0000000084900000, 0x0000000084a00000|  0%| F|  |TAMS 0x0000000084900000, 0x0000000084900000| Untracked 
|  30|0x0000000084a00000, 0x0000000084a00000, 0x0000000084b00000|  0%| F|  |TAMS 0x0000000084a00000, 0x0000000084a00000| Untracked 
|  31|0x0000000084b00000, 0x0000000084b00000, 0x0000000084c00000|  0%| F|  |TAMS 0x0000000084b00000, 0x0000000084b00000| Untracked 
|  32|0x0000000084c00000, 0x0000000084c00000, 0x0000000084d00000|  0%| F|  |TAMS 0x0000000084c00000, 0x0000000084c00000| Untracked 
|  33|0x0000000084d00000, 0x0000000084d00000, 0x0000000084e00000|  0%| F|  |TAMS 0x0000000084d00000, 0x0000000084d00000| Untracked 
|  34|0x0000000084e00000, 0x0000000084e00000, 0x0000000084f00000|  0%| F|  |TAMS 0x0000000084e00000, 0x0000000084e00000| Untracked 
|  35|0x0000000084f00000, 0x0000000084f00000, 0x0000000085000000|  0%| F|  |TAMS 0x0000000084f00000, 0x0000000084f00000| Untracked 
|  36|0x0000000085000000, 0x0000000085000000, 0x0000000085100000|  0%| F|  |TAMS 0x0000000085000000, 0x0000000085000000| Untracked 
|  37|0x0000000085100000, 0x0000000085100000, 0x0000000085200000|  0%| F|  |TAMS 0x0000000085100000, 0x0000000085100000| Untracked 
|  38|0x0000000085200000, 0x0000000085200000, 0x0000000085300000|  0%| F|  |TAMS 0x0000000085200000, 0x0000000085200000| Untracked 
|  39|0x0000000085300000, 0x0000000085300000, 0x0000000085400000|  0%| F|  |TAMS 0x0000000085300000, 0x0000000085300000| Untracked 
|  40|0x0000000085400000, 0x0000000085400000, 0x0000000085500000|  0%| F|  |TAMS 0x0000000085400000, 0x0000000085400000| Untracked 
|  41|0x0000000085500000, 0x0000000085500000, 0x0000000085600000|  0%| F|  |TAMS 0x0000000085500000, 0x0000000085500000| Untracked 
|  42|0x0000000085600000, 0x0000000085600000, 0x0000000085700000|  0%| F|  |TAMS 0x0000000085600000, 0x0000000085600000| Untracked 
|  43|0x0000000085700000, 0x0000000085700000, 0x0000000085800000|  0%| F|  |TAMS 0x0000000085700000, 0x0000000085700000| Untracked 
|  44|0x0000000085800000, 0x0000000085800000, 0x0000000085900000|  0%| F|  |TAMS 0x0000000085800000, 0x0000000085800000| Untracked 
|  45|0x0000000085900000, 0x0000000085900000, 0x0000000085a00000|  0%| F|  |TAMS 0x0000000085900000, 0x0000000085900000| Untracked 
|  46|0x0000000085a00000, 0x0000000085a00000, 0x0000000085b00000|  0%| F|  |TAMS 0x0000000085a00000, 0x0000000085a00000| Untracked 
|  47|0x0000000085b00000, 0x0000000085b00000, 0x0000000085c00000|  0%| F|  |TAMS 0x0000000085b00000, 0x0000000085b00000| Untracked 
|  48|0x0000000085c00000, 0x0000000085c00000, 0x0000000085d00000|  0%| F|  |TAMS 0x0000000085c00000, 0x0000000085c00000| Untracked 
|  49|0x0000000085d00000, 0x0000000085d00000, 0x0000000085e00000|  0%| F|  |TAMS 0x0000000085d00000, 0x0000000085d00000| Untracked 
|  50|0x0000000085e00000, 0x0000000085e00000, 0x0000000085f00000|  0%| F|  |TAMS 0x0000000085e00000, 0x0000000085e00000| Untracked 
|  51|0x0000000085f00000, 0x0000000085f00000, 0x0000000086000000|  0%| F|  |TAMS 0x0000000085f00000, 0x0000000085f00000| Untracked 
|  52|0x0000000086000000, 0x0000000086000000, 0x0000000086100000|  0%| F|  |TAMS 0x0000000086000000, 0x0000000086000000| Untracked 
|  53|0x0000000086100000, 0x0000000086100000, 0x0000000086200000|  0%| F|  |TAMS 0x0000000086100000, 0x0000000086100000| Untracked 
|  54|0x0000000086200000, 0x0000000086200000, 0x0000000086300000|  0%| F|  |TAMS 0x0000000086200000, 0x0000000086200000| Untracked 
|  55|0x0000000086300000, 0x0000000086300000, 0x0000000086400000|  0%| F|  |TAMS 0x0000000086300000, 0x0000000086300000| Untracked 
|  56|0x0000000086400000, 0x0000000086400000, 0x0000000086500000|  0%| F|  |TAMS 0x0000000086400000, 0x0000000086400000| Untracked 
|  57|0x0000000086500000, 0x0000000086500000, 0x0000000086600000|  0%| F|  |TAMS 0x0000000086500000, 0x0000000086500000| Untracked 
|  58|0x0000000086600000, 0x0000000086600000, 0x0000000086700000|  0%| F|  |TAMS 0x0000000086600000, 0x0000000086600000| Untracked 
|  59|0x0000000086700000, 0x0000000086700000, 0x0000000086800000|  0%| F|  |TAMS 0x0000000086700000, 0x0000000086700000| Untracked 
|  60|0x0000000086800000, 0x0000000086800000, 0x0000000086900000|  0%| F|  |TAMS 0x0000000086800000, 0x0000000086800000| Untracked 
|  61|0x0000000086900000, 0x0000000086900000, 0x0000000086a00000|  0%| F|  |TAMS 0x0000000086900000, 0x0000000086900000| Untracked 
|  62|0x0000000086a00000, 0x0000000086a00000, 0x0000000086b00000|  0%| F|  |TAMS 0x0000000086a00000, 0x0000000086a00000| Untracked 
|  63|0x0000000086b00000, 0x0000000086b00000, 0x0000000086c00000|  0%| F|  |TAMS 0x0000000086b00000, 0x0000000086b00000| Untracked 
|  64|0x0000000086c00000, 0x0000000086c00000, 0x0000000086d00000|  0%| F|  |TAMS 0x0000000086c00000, 0x0000000086c00000| Untracked 
|  65|0x0000000086d00000, 0x0000000086d00000, 0x0000000086e00000|  0%| F|  |TAMS 0x0000000086d00000, 0x0000000086d00000| Untracked 
|  66|0x0000000086e00000, 0x0000000086e00000, 0x0000000086f00000|  0%| F|  |TAMS 0x0000000086e00000, 0x0000000086e00000| Untracked 
|  67|0x0000000086f00000, 0x0000000086f00000, 0x0000000087000000|  0%| F|  |TAMS 0x0000000086f00000, 0x0000000086f00000| Untracked 
|  68|0x0000000087000000, 0x0000000087000000, 0x0000000087100000|  0%| F|  |TAMS 0x0000000087000000, 0x0000000087000000| Untracked 
|  69|0x0000000087100000, 0x0000000087100000, 0x0000000087200000|  0%| F|  |TAMS 0x0000000087100000, 0x0000000087100000| Untracked 
|  70|0x0000000087200000, 0x0000000087200000, 0x0000000087300000|  0%| F|  |TAMS 0x0000000087200000, 0x0000000087200000| Untracked 
|  71|0x0000000087300000, 0x0000000087300000, 0x0000000087400000|  0%| F|  |TAMS 0x0000000087300000, 0x0000000087300000| Untracked 
|  72|0x0000000087400000, 0x0000000087400000, 0x0000000087500000|  0%| F|  |TAMS 0x0000000087400000, 0x0000000087400000| Untracked 
|  73|0x0000000087500000, 0x0000000087500000, 0x0000000087600000|  0%| F|  |TAMS 0x0000000087500000, 0x0000000087500000| Untracked 
|  74|0x0000000087600000, 0x0000000087600000, 0x0000000087700000|  0%| F|  |TAMS 0x0000000087600000, 0x0000000087600000| Untracked 
|  75|0x0000000087700000, 0x0000000087700000, 0x0000000087800000|  0%| F|  |TAMS 0x0000000087700000, 0x0000000087700000| Untracked 
|  76|0x0000000087800000, 0x0000000087800000, 0x0000000087900000|  0%| F|  |TAMS 0x0000000087800000, 0x0000000087800000| Untracked 
|  77|0x0000000087900000, 0x0000000087900000, 0x0000000087a00000|  0%| F|  |TAMS 0x0000000087900000, 0x0000000087900000| Untracked 
|  78|0x0000000087a00000, 0x0000000087a00000, 0x0000000087b00000|  0%| F|  |TAMS 0x0000000087a00000, 0x0000000087a00000| Untracked 
|  79|0x0000000087b00000, 0x0000000087b00000, 0x0000000087c00000|  0%| F|  |TAMS 0x0000000087b00000, 0x0000000087b00000| Untracked 
|  80|0x0000000087c00000, 0x0000000087c00000, 0x0000000087d00000|  0%| F|  |TAMS 0x0000000087c00000, 0x0000000087c00000| Untracked 
|  81|0x0000000087d00000, 0x0000000087d00000, 0x0000000087e00000|  0%| F|  |TAMS 0x0000000087d00000, 0x0000000087d00000| Untracked 
|  82|0x0000000087e00000, 0x0000000087e00000, 0x0000000087f00000|  0%| F|  |TAMS 0x0000000087e00000, 0x0000000087e00000| Untracked 
|  83|0x0000000087f00000, 0x0000000087f00000, 0x0000000088000000|  0%| F|  |TAMS 0x0000000087f00000, 0x0000000087f00000| Untracked 
|  84|0x0000000088000000, 0x0000000088000000, 0x0000000088100000|  0%| F|  |TAMS 0x0000000088000000, 0x0000000088000000| Untracked 
|  85|0x0000000088100000, 0x0000000088100000, 0x0000000088200000|  0%| F|  |TAMS 0x0000000088100000, 0x0000000088100000| Untracked 
|  86|0x0000000088200000, 0x0000000088200000, 0x0000000088300000|  0%| F|  |TAMS 0x0000000088200000, 0x0000000088200000| Untracked 
|  87|0x0000000088300000, 0x0000000088300000, 0x0000000088400000|  0%| F|  |TAMS 0x0000000088300000, 0x0000000088300000| Untracked 
|  88|0x0000000088400000, 0x0000000088400000, 0x0000000088500000|  0%| F|  |TAMS 0x0000000088400000, 0x0000000088400000| Untracked 
|  89|0x0000000088500000, 0x0000000088500000, 0x0000000088600000|  0%| F|  |TAMS 0x0000000088500000, 0x0000000088500000| Untracked 
|  90|0x0000000088600000, 0x0000000088600000, 0x0000000088700000|  0%| F|  |TAMS 0x0000000088600000, 0x0000000088600000| Untracked 
|  91|0x0000000088700000, 0x0000000088700000, 0x0000000088800000|  0%| F|  |TAMS 0x0000000088700000, 0x0000000088700000| Untracked 
|  92|0x0000000088800000, 0x0000000088800000, 0x0000000088900000|  0%| F|  |TAMS 0x0000000088800000, 0x0000000088800000| Untracked 
|  93|0x0000000088900000, 0x0000000088900000, 0x0000000088a00000|  0%| F|  |TAMS 0x0000000088900000, 0x0000000088900000| Untracked 
|  94|0x0000000088a00000, 0x0000000088a00000, 0x0000000088b00000|  0%| F|  |TAMS 0x0000000088a00000, 0x0000000088a00000| Untracked 
|  95|0x0000000088b00000, 0x0000000088b00000, 0x0000000088c00000|  0%| F|  |TAMS 0x0000000088b00000, 0x0000000088b00000| Untracked 
|  96|0x0000000088c00000, 0x0000000088c00000, 0x0000000088d00000|  0%| F|  |TAMS 0x0000000088c00000, 0x0000000088c00000| Untracked 
|  97|0x0000000088d00000, 0x0000000088d00000, 0x0000000088e00000|  0%| F|  |TAMS 0x0000000088d00000, 0x0000000088d00000| Untracked 
|  98|0x0000000088e00000, 0x0000000088e00000, 0x0000000088f00000|  0%| F|  |TAMS 0x0000000088e00000, 0x0000000088e00000| Untracked 
|  99|0x0000000088f00000, 0x0000000088f00000, 0x0000000089000000|  0%| F|  |TAMS 0x0000000088f00000, 0x0000000088f00000| Untracked 
| 100|0x0000000089000000, 0x0000000089000000, 0x0000000089100000|  0%| F|  |TAMS 0x0000000089000000, 0x0000000089000000| Untracked 
| 101|0x0000000089100000, 0x0000000089100000, 0x0000000089200000|  0%| F|  |TAMS 0x0000000089100000, 0x0000000089100000| Untracked 
| 102|0x0000000089200000, 0x0000000089200000, 0x0000000089300000|  0%| F|  |TAMS 0x0000000089200000, 0x0000000089200000| Untracked 
| 103|0x0000000089300000, 0x0000000089300000, 0x0000000089400000|  0%| F|  |TAMS 0x0000000089300000, 0x0000000089300000| Untracked 
| 104|0x0000000089400000, 0x0000000089400000, 0x0000000089500000|  0%| F|  |TAMS 0x0000000089400000, 0x0000000089400000| Untracked 
| 105|0x0000000089500000, 0x0000000089500000, 0x0000000089600000|  0%| F|  |TAMS 0x0000000089500000, 0x0000000089500000| Untracked 
| 106|0x0000000089600000, 0x0000000089600000, 0x0000000089700000|  0%| F|  |TAMS 0x0000000089600000, 0x0000000089600000| Untracked 
| 107|0x0000000089700000, 0x0000000089700000, 0x0000000089800000|  0%| F|  |TAMS 0x0000000089700000, 0x0000000089700000| Untracked 
| 108|0x0000000089800000, 0x0000000089800000, 0x0000000089900000|  0%| F|  |TAMS 0x0000000089800000, 0x0000000089800000| Untracked 
| 109|0x0000000089900000, 0x0000000089900000, 0x0000000089a00000|  0%| F|  |TAMS 0x0000000089900000, 0x0000000089900000| Untracked 
| 110|0x0000000089a00000, 0x0000000089a00000, 0x0000000089b00000|  0%| F|  |TAMS 0x0000000089a00000, 0x0000000089a00000| Untracked 
| 111|0x0000000089b00000, 0x0000000089b00000, 0x0000000089c00000|  0%| F|  |TAMS 0x0000000089b00000, 0x0000000089b00000| Untracked 
| 112|0x0000000089c00000, 0x0000000089c00000, 0x0000000089d00000|  0%| F|  |TAMS 0x0000000089c00000, 0x0000000089c00000| Untracked 
| 113|0x0000000089d00000, 0x0000000089d00000, 0x0000000089e00000|  0%| F|  |TAMS 0x0000000089d00000, 0x0000000089d00000| Untracked 
| 114|0x0000000089e00000, 0x0000000089e00000, 0x0000000089f00000|  0%| F|  |TAMS 0x0000000089e00000, 0x0000000089e00000| Untracked 
| 115|0x0000000089f00000, 0x0000000089f00000, 0x000000008a000000|  0%| F|  |TAMS 0x0000000089f00000, 0x0000000089f00000| Untracked 
| 116|0x000000008a000000, 0x000000008a000000, 0x000000008a100000|  0%| F|  |TAMS 0x000000008a000000, 0x000000008a000000| Untracked 
| 117|0x000000008a100000, 0x000000008a100000, 0x000000008a200000|  0%| F|  |TAMS 0x000000008a100000, 0x000000008a100000| Untracked 
| 118|0x000000008a200000, 0x000000008a200000, 0x000000008a300000|  0%| F|  |TAMS 0x000000008a200000, 0x000000008a200000| Untracked 
| 119|0x000000008a300000, 0x000000008a300000, 0x000000008a400000|  0%| F|  |TAMS 0x000000008a300000, 0x000000008a300000| Untracked 
| 120|0x000000008a400000, 0x000000008a400000, 0x000000008a500000|  0%| F|  |TAMS 0x000000008a400000, 0x000000008a400000| Untracked 
| 121|0x000000008a500000, 0x000000008a500000, 0x000000008a600000|  0%| F|  |TAMS 0x000000008a500000, 0x000000008a500000| Untracked 
| 122|0x000000008a600000, 0x000000008a600000, 0x000000008a700000|  0%| F|  |TAMS 0x000000008a600000, 0x000000008a600000| Untracked 
| 123|0x000000008a700000, 0x000000008a700000, 0x000000008a800000|  0%| F|  |TAMS 0x000000008a700000, 0x000000008a700000| Untracked 
| 124|0x000000008a800000, 0x000000008a8ec080, 0x000000008a900000| 92%| E|  |TAMS 0x000000008a800000, 0x000000008a800000| Complete 
| 125|0x000000008a900000, 0x000000008aa00000, 0x000000008aa00000|100%| E|CS|TAMS 0x000000008a900000, 0x000000008a900000| Complete 

Card table byte_map: [0x000001fb9df30000,0x000001fb9e320000] _byte_map_base: 0x000001fb9db1a000

Marking Bits (Prev, Next): (CMBitMap*) 0x000001fb8b0bf280, (CMBitMap*) 0x000001fb8b0bf2c0
 Prev Bits: [0x000001fb9e710000, 0x000001fba0660000)
 Next Bits: [0x000001fba0660000, 0x000001fba25b0000)

Polling page: 0x000001fb88fb0000

Metaspace:

Usage:
  Non-class:      3.59 MB used.
      Class:    330.91 KB used.
       Both:      3.91 MB used.

Virtual space:
  Non-class space:       64.00 MB reserved,       3.69 MB (  6%) committed,  1 nodes.
      Class space:        1.00 GB reserved,     384.00 KB ( <1%) committed,  1 nodes.
             Both:        1.06 GB reserved,       4.06 MB ( <1%) committed. 

Chunk freelists:
   Non-Class:  12.00 MB
       Class:  15.62 MB
        Both:  27.62 MB

MaxMetaspaceSize: unlimited
CompressedClassSpaceSize: 1.00 GB
Initial GC threshold: 21.00 MB
Current GC threshold: 21.00 MB
CDS: off
MetaspaceReclaimPolicy: balanced
 - commit_granule_bytes: 65536.
 - commit_granule_words: 8192.
 - virtual_space_node_default_size: 8388608.
 - enlarge_chunks_in_place: 1.
 - new_chunks_are_fully_committed: 0.
 - uncommit_free_chunks: 1.
 - use_allocation_guard: 0.
 - handle_deallocations: 1.


Internal statistics:

num_allocs_failed_limit: 0.
num_arena_births: 4.
num_arena_deaths: 0.
num_vsnodes_births: 2.
num_vsnodes_deaths: 0.
num_space_committed: 65.
num_space_uncommitted: 0.
num_chunks_returned_to_freelist: 0.
num_chunks_taken_from_freelist: 5.
num_chunk_merges: 0.
num_chunk_splits: 3.
num_chunks_enlarged: 0.
num_inconsistent_stats: 0.

CodeHeap 'non-profiled nmethods': size=120000Kb used=17Kb max_used=17Kb free=119982Kb
 bounds [0x000001fb962e0000, 0x000001fb96550000, 0x000001fb9d810000]
CodeHeap 'profiled nmethods': size=120000Kb used=100Kb max_used=100Kb free=119899Kb
 bounds [0x000001fb8e810000, 0x000001fb8ea80000, 0x000001fb95d40000]
CodeHeap 'non-nmethods': size=5760Kb used=1032Kb max_used=1044Kb free=4727Kb
 bounds [0x000001fb95d40000, 0x000001fb95fb0000, 0x000001fb962e0000]
 total_blobs=367 nmethods=80 adapters=200
 compilation: enabled
              stopped_count=0, restarted_count=0
 full_count=0

Compilation events (20 events):
Event: 0.301 Thread 0x000001fba51b2680   61       3       java.lang.AbstractStringBuilder::ensureCapacityInternal (39 bytes)
Event: 0.301 Thread 0x000001fba51b2680 nmethod 61 0x000001fb8e827b10 code [0x000001fb8e827cc0, 0x000001fb8e827ef8]
Event: 0.301 Thread 0x000001fba51b2680   69       1       java.lang.module.ModuleDescriptor$Exports::source (5 bytes)
Event: 0.301 Thread 0x000001fba51b2680 nmethod 69 0x000001fb962e3290 code [0x000001fb962e3420, 0x000001fb962e34f8]
Event: 0.301 Thread 0x000001fba51b2680   75       1       java.lang.module.ResolvedModule::configuration (5 bytes)
Event: 0.301 Thread 0x000001fba51b2680 nmethod 75 0x000001fb962e3590 code [0x000001fb962e3720, 0x000001fb962e37f8]
Event: 0.301 Thread 0x000001fba51b2680   63       1       java.lang.module.ResolvedModule::reference (5 bytes)
Event: 0.301 Thread 0x000001fba51b2680 nmethod 63 0x000001fb962e3890 code [0x000001fb962e3a20, 0x000001fb962e3af8]
Event: 0.301 Thread 0x000001fba51b2680   70       1       java.lang.module.ModuleDescriptor::isAutomatic (5 bytes)
Event: 0.301 Thread 0x000001fba51b2680 nmethod 70 0x000001fb962e3b90 code [0x000001fb962e3d20, 0x000001fb962e3df8]
Event: 0.301 Thread 0x000001fba51b2680   76       1       java.lang.module.ModuleDescriptor$Exports::targets (5 bytes)
Event: 0.301 Thread 0x000001fba51b2680 nmethod 76 0x000001fb962e3e90 code [0x000001fb962e4020, 0x000001fb962e40f8]
Event: 0.302 Thread 0x000001fba51b2680   77       1       java.util.ImmutableCollections$Set12::isEmpty (2 bytes)
Event: 0.302 Thread 0x000001fba51b2680 nmethod 77 0x000001fb962e4190 code [0x000001fb962e4320, 0x000001fb962e43f8]
Event: 0.302 Thread 0x000001fba51b2680   78       3       java.util.ImmutableCollections$Set12$1::next (95 bytes)
Event: 0.302 Thread 0x000001fba51b2680 nmethod 78 0x000001fb8e828010 code [0x000001fb8e8281e0, 0x000001fb8e8284c8]
Event: 0.312 Thread 0x000001fba51b2680   79       3       java.lang.AbstractStringBuilder::isLatin1 (19 bytes)
Event: 0.312 Thread 0x000001fba51b2680 nmethod 79 0x000001fb8e828610 code [0x000001fb8e8287a0, 0x000001fb8e828918]
Event: 0.313 Thread 0x000001fba51b2680   80       3       java.lang.String::charAt (25 bytes)
Event: 0.313 Thread 0x000001fba51b2680 nmethod 80 0x000001fb8e828990 code [0x000001fb8e828b80, 0x000001fb8e8290b8]

GC Heap History (0 events):
No events

Dll operation events (2 events):
Event: 0.018 Loaded shared library C:\Users\spraj\.jdks\jbr-17.0.9\bin\java.dll
Event: 0.084 Loaded shared library C:\Users\spraj\.jdks\jbr-17.0.9\bin\jsvml.dll

Deoptimization events (4 events):
Event: 0.306 Thread 0x000001fb8b0645b0 Uncommon trap: trap_request=0xffffff45 fr.pc=0x000001fb962e12f8 relative=0x0000000000000078
Event: 0.306 Thread 0x000001fb8b0645b0 Uncommon trap: reason=unstable_if action=reinterpret pc=0x000001fb962e12f8 method=java.lang.String.isLatin1()Z @ 10 c2
Event: 0.306 Thread 0x000001fb8b0645b0 DEOPT PACKING pc=0x000001fb962e12f8 sp=0x0000006e00cfec80
Event: 0.306 Thread 0x000001fb8b0645b0 DEOPT UNPACKING pc=0x000001fb95d969a3 sp=0x0000006e00cfebc0 mode 2

Classes unloaded (0 events):
No events

Classes redefined (0 events):
No events

Internal exceptions (0 events):
No events

VM Operations (0 events):
No events

Events (20 events):
Event: 0.318 loading class java/security/SecureClassLoader$1
Event: 0.318 loading class java/security/SecureClassLoader$1 done
Event: 0.318 loading class sun/security/util/LazyCodeSourcePermissionCollection
Event: 0.318 loading class java/security/PermissionCollection
Event: 0.318 loading class java/security/PermissionCollection done
Event: 0.318 loading class sun/security/util/LazyCodeSourcePermissionCollection done
Event: 0.318 loading class java/security/Permissions
Event: 0.318 loading class java/security/Permissions done
Event: 0.318 loading class java/lang/RuntimePermission
Event: 0.319 loading class java/lang/RuntimePermission done
Event: 0.319 loading class java/security/BasicPermissionCollection
Event: 0.319 loading class java/security/BasicPermissionCollection done
Event: 0.319 loading class java/security/AllPermission
Event: 0.319 loading class java/security/AllPermission done
Event: 0.319 loading class java/security/UnresolvedPermission
Event: 0.319 loading class java/security/UnresolvedPermission done
Event: 0.319 loading class java/security/SecureClassLoader$DebugHolder
Event: 0.319 loading class java/security/SecureClassLoader$DebugHolder done
Event: 0.320 loading class sun/security/util/Debug
Event: 0.320 loading class sun/security/util/Debug done


Dynamic libraries:
0x00007ff6896f0000 - 0x00007ff6896fa000 	C:\Users\spraj\.jdks\jbr-17.0.9\bin\java.exe
0x00007ff9caa30000 - 0x00007ff9cac47000 	C:\Windows\SYSTEM32\ntdll.dll
0x00007ff9c9f10000 - 0x00007ff9c9fd4000 	C:\Windows\System32\KERNEL32.DLL
0x00007ff9c7d70000 - 0x00007ff9c8116000 	C:\Windows\System32\KERNELBASE.dll
0x00007ff9c8120000 - 0x00007ff9c8231000 	C:\Windows\System32\ucrtbase.dll
0x00007ff995b00000 - 0x00007ff995b1b000 	C:\Users\spraj\.jdks\jbr-17.0.9\bin\VCRUNTIME140.dll
0x00007ff995bd0000 - 0x00007ff995be7000 	C:\Users\spraj\.jdks\jbr-17.0.9\bin\jli.dll
0x00007ff9ca0d0000 - 0x00007ff9ca27e000 	C:\Windows\System32\USER32.dll
0x00007ff9c85c0000 - 0x00007ff9c85e6000 	C:\Windows\System32\win32u.dll
0x00007ff9b00b0000 - 0x00007ff9b0343000 	C:\Windows\WinSxS\amd64_microsoft.windows.common-controls_6595b64144ccf1df_6.0.22621.2506_none_270c5ae97388e100\COMCTL32.dll
0x00007ff9c8a90000 - 0x00007ff9c8ab9000 	C:\Windows\System32\GDI32.dll
0x00007ff9ca910000 - 0x00007ff9ca9b7000 	C:\Windows\System32\msvcrt.dll
0x00007ff9c84a0000 - 0x00007ff9c85b8000 	C:\Windows\System32\gdi32full.dll
0x00007ff9c8620000 - 0x00007ff9c86ba000 	C:\Windows\System32\msvcp_win.dll
0x00007ff9c88f0000 - 0x00007ff9c8921000 	C:\Windows\System32\IMM32.DLL
0x00007ff9aea80000 - 0x00007ff9aea8c000 	C:\Users\spraj\.jdks\jbr-17.0.9\bin\vcruntime140_1.dll
0x00007ff992960000 - 0x00007ff9929ed000 	C:\Users\spraj\.jdks\jbr-17.0.9\bin\msvcp140.dll
0x00007ff955590000 - 0x00007ff956212000 	C:\Users\spraj\.jdks\jbr-17.0.9\bin\server\jvm.dll
0x00007ff9c8830000 - 0x00007ff9c88e3000 	C:\Windows\System32\ADVAPI32.dll
0x00007ff9c9480000 - 0x00007ff9c9528000 	C:\Windows\System32\sechost.dll
0x00007ff9c85f0000 - 0x00007ff9c8618000 	C:\Windows\System32\bcrypt.dll
0x00007ff9c9df0000 - 0x00007ff9c9f07000 	C:\Windows\System32\RPCRT4.dll
0x00007ff9c7c40000 - 0x00007ff9c7c8d000 	C:\Windows\SYSTEM32\POWRPROF.dll
0x00007ff9c1f80000 - 0x00007ff9c1f8a000 	C:\Windows\SYSTEM32\VERSION.dll
0x00007ff9c0250000 - 0x00007ff9c0284000 	C:\Windows\SYSTEM32\WINMM.dll
0x00007ff9c4c00000 - 0x00007ff9c4c09000 	C:\Windows\SYSTEM32\WSOCK32.dll
0x00007ff9ca410000 - 0x00007ff9ca481000 	C:\Windows\System32\WS2_32.dll
0x00007ff9c7a70000 - 0x00007ff9c7a83000 	C:\Windows\SYSTEM32\UMPDC.dll
0x00007ff9c6d70000 - 0x00007ff9c6d88000 	C:\Windows\SYSTEM32\kernel.appcore.dll
0x00007ff9ae670000 - 0x00007ff9ae67a000 	C:\Users\spraj\.jdks\jbr-17.0.9\bin\jimage.dll
0x00007ff9c5650000 - 0x00007ff9c5883000 	C:\Windows\SYSTEM32\DBGHELP.DLL
0x00007ff9c95e0000 - 0x00007ff9c9969000 	C:\Windows\System32\combase.dll
0x00007ff9c9ff0000 - 0x00007ff9ca0c7000 	C:\Windows\System32\OLEAUT32.dll
0x00007ff9a91c0000 - 0x00007ff9a91f2000 	C:\Windows\SYSTEM32\dbgcore.DLL
0x00007ff9c8240000 - 0x00007ff9c82ba000 	C:\Windows\System32\bcryptPrimitives.dll
0x00007ff994030000 - 0x00007ff994055000 	C:\Users\spraj\.jdks\jbr-17.0.9\bin\java.dll
0x00007ff993780000 - 0x00007ff993798000 	C:\Users\spraj\.jdks\jbr-17.0.9\bin\zip.dll
0x00007ff992880000 - 0x00007ff992957000 	C:\Users\spraj\.jdks\jbr-17.0.9\bin\jsvml.dll
0x00007ff9c8c20000 - 0x00007ff9c947b000 	C:\Windows\System32\SHELL32.dll
0x00007ff9c5c80000 - 0x00007ff9c6576000 	C:\Windows\SYSTEM32\windows.storage.dll
0x00007ff9c5b40000 - 0x00007ff9c5c7e000 	C:\Windows\SYSTEM32\wintypes.dll
0x00007ff9ca280000 - 0x00007ff9ca373000 	C:\Windows\System32\SHCORE.dll
0x00007ff9c8930000 - 0x00007ff9c898e000 	C:\Windows\System32\shlwapi.dll
0x00007ff9c7ca0000 - 0x00007ff9c7cc6000 	C:\Windows\SYSTEM32\profapi.dll

dbghelp: loaded successfully - version: 4.0.5 - missing functions: none
symbol engine: initialized successfully - sym options: 0x614 - pdb path: .;C:\Users\spraj\.jdks\jbr-17.0.9\bin;C:\Windows\SYSTEM32;C:\Windows\WinSxS\amd64_microsoft.windows.common-controls_6595b64144ccf1df_6.0.22621.2506_none_270c5ae97388e100;C:\Users\spraj\.jdks\jbr-17.0.9\bin\server

VM Arguments:
jvm_args: -Dfile.encoding=windows-1252 -Duser.country=IN -Duser.language=en -Duser.variant 
java_command: com.tambola.service.impl.Test
java_class_path (initial): C:\Users\spraj\Downloads\tambola (1)\tambola\build\classes\java\main;C:\Users\spraj\Downloads\tambola (1)\tambola\build\resources\main;C:\Users\spraj\.gradle\caches\modules-2\files-2.1\org.springframework.boot\spring-boot-starter-web\3.2.2\b89d213d9f49c3e6247b2503ac7d94b0ac8260f6\spring-boot-starter-web-3.2.2.jar;C:\Users\spraj\.gradle\caches\modules-2\files-2.1\org.springframework.boot\spring-boot-starter-json\3.2.2\328f5ce9e10d5f90520e72a3ff8a2586b9e46b37\spring-boot-starter-json-3.2.2.jar;C:\Users\spraj\.gradle\caches\modules-2\files-2.1\org.springframework.boot\spring-boot-starter-data-jpa\3.2.2\65cf3aad09f0218b7dfab849c9b0350d0a9e0d81\spring-boot-starter-data-jpa-3.2.2.jar;C:\Users\spraj\.gradle\caches\modules-2\files-2.1\org.springframework.boot\spring-boot-starter-aop\3.2.2\f01ecef0ce5f8d5631890a0c456a88a72323b569\spring-boot-starter-aop-3.2.2.jar;C:\Users\spraj\.gradle\caches\modules-2\files-2.1\org.springframework.boot\spring-boot-starter-jdbc\3.2.2\22ffda6938dca5f584c8b1b64e4e9096e8302c1e\spring-boot-starter-jdbc-3.2.2.jar;C:\Users\spraj\.gradle\caches\modules-2\files-2.1\org.springframework.boot\spring-boot-starter\3.2.2\dc04714f9295297f92fa8099eb51edc54dbe67db\spring-boot-starter-3.2.2.jar;C:\Users\spraj\.gradle\caches\modules-2\files-2.1\org.springframework.boot\spring-boot-starter-jetty\3.2.2\b7b88b3fbb6f9b14df3a476bee006dbabf03888d\spring-boot-starter-jetty-3.2.2.jar;C:\Users\spraj\.gradle\caches\modules-2\files-2.1\com.mysql\mysql-connector-j\8.0.33\9e64d997873abc4318620264703d3fdb6b02dd5a\mysql-connector-j-8.0.33.jar;C:\Users\spraj\.gradle\caches\modules-2\files-2.1\org.springframework.boot\spring-boot-autoconfigure\3.2.2\5c407409f8d260a4bc6e173d16fc3b36e6adec21\spring-boot-autoconfigure-3.2.2.jar;C:\Users\spraj\.gradle\caches\modules-2\files-2.1\org.springframework.boot\spring-boot\3.2.2\9f274d1bd822c4c57bb5b37ecae2380b980f567\spring-boot-3.2.2.jar;C:\Users\spraj\.gradle\caches\modules-2\files-2.1\org.springframework.bo
Launcher Type: SUN_STANDARD

[Global flags]
     intx CICompilerCount                          = 4                                         {product} {ergonomic}
     uint ConcGCThreads                            = 2                                         {product} {ergonomic}
     uint G1ConcRefinementThreads                  = 8                                         {product} {ergonomic}
   size_t G1HeapRegionSize                         = 1048576                                   {product} {ergonomic}
    uintx GCDrainStackTargetSize                   = 64                                        {product} {ergonomic}
   size_t InitialHeapSize                          = 132120576                                 {product} {ergonomic}
   size_t MarkStackSize                            = 4194304                                   {product} {ergonomic}
   size_t MaxHeapSize                              = 2101346304                                {product} {ergonomic}
   size_t MaxNewSize                               = 1260388352                                {product} {ergonomic}
   size_t MinHeapDeltaBytes                        = 1048576                                   {product} {ergonomic}
   size_t MinHeapSize                              = 8388608                                   {product} {ergonomic}
    uintx NonNMethodCodeHeapSize                   = 5839372                                {pd product} {ergonomic}
    uintx NonProfiledCodeHeapSize                  = 122909434                              {pd product} {ergonomic}
    uintx ProfiledCodeHeapSize                     = 122909434                              {pd product} {ergonomic}
    uintx ReservedCodeCacheSize                    = 251658240                              {pd product} {ergonomic}
     bool SegmentedCodeCache                       = true                                      {product} {ergonomic}
   size_t SoftMaxHeapSize                          = 2101346304                             {manageable} {ergonomic}
     bool UseCompressedClassPointers               = true                           {product lp64_product} {ergonomic}
     bool UseCompressedOops                        = true                           {product lp64_product} {ergonomic}
     bool UseG1GC                                  = true                                      {product} {ergonomic}
     bool UseLargePagesIndividualAllocation        = false                                  {pd product} {ergonomic}

Logging:
Log output configuration:
 #0: stdout all=warning uptime,level,tags
 #1: stderr all=off uptime,level,tags

Environment Variables:
JAVA_HOME=C:\Program Files\Java\jdk1.8.0_202
PATH=C:\Python312\Scripts\;C:\Python312\;C:\Program Files\Maven\apache-maven-3.9.5\bin;C:\Python311\;C:\Windows\system32;C:\Windows;C:\Windows\System32\Wbem;C:\Windows\System32\WindowsPowerShell\v1.0\;C:\Windows\System32\OpenSSH\;C:\ProgramData\chocolatey\bin;C:\Program Files\MySQL\MySQL Server 8.0\bin;C:\Program Files\Maven\apache-maven-3.9.5\bin\bin;C:\Program Files\Java\jdk1.8.0_202;C:\Program Files\Java\jdk1.8.0_202\bin;C:\Program Files\nodejs\;C:\Program Files\Git\cmd;C:\Users\spraj\Downloads\gradle-8.6-all\gradle-8.6\bin;C:\Program Files\MySQL\MySQL Shell 8.0\bin\;C:\Users\spraj\AppData\Local\Microsoft\WindowsApps;C:\Users\spraj\AppData\Local\Programs\Microsoft VS Code\bin;C:\Users\spraj\AppData\Local\JetBrains\IntelliJ IDEA Educational Edition 2021.3.4\bin;;C:\Program Files\Java\jdk1.8.0_202\bin;C:\Program Files\Maven\apache-maven-3.9.5\bin;C:\Users\spraj\AppData\Roaming\npm;C:\Users\spraj\Downloads\gradle-8.6-all.zip\gradle-8.6\bin;
USERNAME=spraj
OS=Windows_NT
PROCESSOR_IDENTIFIER=Intel64 Family 6 Model 142 Stepping 12, GenuineIntel
TMP=C:\Users\spraj\AppData\Local\Temp
TEMP=C:\Users\spraj\AppData\Local\Temp



Periodic native trim disabled

JNI global refs:
JNI global refs: 5, weak refs: 0

JNI global refs memory usage: 843, weak refs: 209

OOME stack traces (most recent first):
Classloader memory used:
Loader bootstrap                                                                       : 499K
Loader jdk.internal.loader.ClassLoaders$AppClassLoader                                 : 399B


---------------  S Y S T E M  ---------------

OS:
 Windows 11 , 64 bit Build 22621 (10.0.22621.3085)
OS uptime: 10 days 3:03 hours
Hyper-V role detected

CPU: total 8 (initial active 8) (4 cores per cpu, 2 threads per core) family 6 model 142 stepping 12 microcode 0xf8, cx8, cmov, fxsr, ht, mmx, 3dnowpref, sse, sse2, sse3, ssse3, sse4.1, sse4.2, popcnt, lzcnt, tsc, tscinvbit, avx, avx2, aes, erms, clmul, bmi1, bmi2, adx, fma, vzeroupper, clflush, clflushopt, hv
Processor Information for all 8 processors :
  Max Mhz: 2112, Current Mhz: 1609, Mhz Limit: 1605

Memory: 4k page, system-wide physical 8014M (1155M free)
TotalPageFile size 32590M (AvailPageFile size 1M)
current process WorkingSet (physical memory assigned to process): 30M, peak: 30M
current process commit charge ("private bytes"): 201M, peak: 202M

vm_info: OpenJDK 64-Bit Server VM (17.0.9+8-b1166.2) for windows-amd64 JRE (17.0.9+8-b1166.2), built on 2024-01-13 by "builduser" with MS VC++ 16.10 / 16.11 (VS2019)

END.
