#
# There is insufficient memory for the Java Runtime Environment to continue.
# Native memory allocation (mmap) failed to map 132120576 bytes for G1 virtual space
# Possible reasons:
#   The system is out of physical RAM or swap space
#   The process is running with CompressedOops enabled, and the Java Heap may be blocking the growth of the native heap
# Possible solutions:
#   Reduce memory load on the system
#   Increase physical memory or swap space
#   Check if swap backing store is full
#   Decrease Java heap size (-Xmx/-Xms)
#   Decrease number of Java threads
#   Decrease Java thread stack sizes (-Xss)
#   Set larger code cache with -XX:ReservedCodeCacheSize=
#   JVM is running with Unscaled Compressed Oops mode in which the Java heap is
#     placed in the first 4GB address space. The Java Heap base address is the
#     maximum limit for the native heap growth. Please use -XX:HeapBaseMinAddress
#     to set the Java Heap base and to place the Java Heap above 4GB virtual address.
# This output file may be truncated or incomplete.
#
#  Out of Memory Error (os_windows.cpp:3825), pid=23704, tid=14648
#
# JRE version:  (17.0.9+8) (build )
# Java VM: OpenJDK 64-Bit Server VM (17.0.9+8-b1166.2, mixed mode, sharing, tiered, compressed oops, compressed class ptrs, g1 gc, windows-amd64)
# No core dump will be written. Minidumps are not enabled by default on client versions of Windows
#

---------------  S U M M A R Y ------------

Command Line: -Dfile.encoding=windows-1252 -Duser.country=IN -Duser.language=en -Duser.variant com.tambola.service.impl.Test

Host: Intel(R) Core(TM) i5-10210U CPU @ 1.60GHz, 8 cores, 7G,  Windows 11 , 64 bit Build 22621 (10.0.22621.3085)
Time: Sun Feb 11 17:33:10 2024 US Eastern Standard Time elapsed time: 0.044123 seconds (0d 0h 0m 0s)

---------------  T H R E A D  ---------------

Current thread (0x000002d707f66480):  JavaThread "Unknown thread" [_thread_in_vm, id=14648, stack(0x000000ebfe300000,0x000000ebfe400000)]

Stack: [0x000000ebfe300000,0x000000ebfe400000]
Native frames: (J=compiled Java code, j=interpreted, Vv=VM code, C=native code)
V  [jvm.dll+0x688349]  os::platform_print_native_stack+0xd9  (os_windows_x86.cpp:235)
V  [jvm.dll+0x841bfa]  VMError::report+0xc6a  (vmError.cpp:855)
V  [jvm.dll+0x84383e]  VMError::report_and_die+0x78e  (vmError.cpp:1749)
V  [jvm.dll+0x843ea3]  VMError::report_and_die+0x43  (vmError.cpp:1535)
V  [jvm.dll+0x24bdef]  report_vm_out_of_memory+0x8f  (debug.cpp:321)
V  [jvm.dll+0x6850f9]  os::pd_commit_memory_or_exit+0xc9  (os_windows.cpp:3833)
V  [jvm.dll+0x67988a]  os::commit_memory_or_exit+0x2a  (os.cpp:1739)
V  [jvm.dll+0x30cbfb]  G1PageBasedVirtualSpace::commit+0x19b  (g1PageBasedVirtualSpace.cpp:204)
V  [jvm.dll+0x3140a6]  G1RegionsLargerThanCommitSizeMapper::commit_regions+0x96  (g1RegionToSpaceMapper.cpp:100)
V  [jvm.dll+0x363ede]  HeapRegionManager::expand_any+0xee  (heapRegionManager.cpp:363)
V  [jvm.dll+0x36410f]  HeapRegionManager::expand_by+0x7f  (heapRegionManager.cpp:380)
V  [jvm.dll+0x2e29c8]  G1CollectedHeap::expand+0xb8  (g1CollectedHeap.cpp:1298)
V  [jvm.dll+0x2e3934]  G1CollectedHeap::initialize+0x664  (g1CollectedHeap.cpp:1719)
V  [jvm.dll+0x812771]  universe_init+0xb1  (universe.cpp:736)
V  [jvm.dll+0x371d41]  init_globals+0x31  (init.cpp:124)
V  [jvm.dll+0x7f12bc]  Threads::create_vm+0x60c  (thread.cpp:2909)
V  [jvm.dll+0x3f59cf]  JNI_CreateJavaVM_inner+0x8f  (jni.cpp:3635)
V  [jvm.dll+0x3f7601]  JNI_CreateJavaVM+0x11  (jni.cpp:3727)
C  [jli.dll+0x528f]  JavaMain+0x113  (java.c:413)
C  [ucrtbase.dll+0x29363]
C  [KERNEL32.DLL+0x1257d]
C  [ntdll.dll+0x5aa58]


---------------  P R O C E S S  ---------------

Threads class SMR info:
_java_thread_list=0x00007ff9560cdf18, length=0, elements={
}

Java Threads: ( => current thread )

Other Threads:
  0x000002d707fc1240 GCTaskThread "GC Thread#0" [stack: 0x000000ebfe400000,0x000000ebfe500000] [id=21920]
  0x000002d707fd1c10 ConcurrentGCThread "G1 Main Marker" [stack: 0x000000ebfe500000,0x000000ebfe600000] [id=23684]
  0x000002d707fd2630 ConcurrentGCThread "G1 Conc#0" [stack: 0x000000ebfe600000,0x000000ebfe700000] [id=5056]

[error occurred during error reporting (printing all threads), id 0xc0000005, EXCEPTION_ACCESS_VIOLATION (0xc0000005) at pc=0x00007ff955883597]

VM state: not at safepoint (not fully initialized)

VM Mutex/Monitor currently owned by a thread:  ([mutex/lock_event])
[0x000002d707f62460] Heap_lock - owner thread: 0x000002d707f66480

Heap address: 0x0000000082c00000, size: 2004 MB, Compressed Oops mode: 32-bit

CDS archive(s) mapped at: [0x0000000000000000-0x0000000000000000-0x0000000000000000), size 0, SharedBaseAddress: 0x0000000800000000, ArchiveRelocationMode: 1.
Narrow klass base: 0x0000000000000000, Narrow klass shift: 0, Narrow klass range: 0x0

GC Precious Log:
<Empty>

Heap:
 garbage-first heap   total 0K, used 0K [0x0000000082c00000, 0x0000000100000000)
  region size 1024K, 0 young (0K), 0 survivors (0K)
 Metaspace       used 0K, committed 0K, reserved 0K
  class space    used 0K, committed 0K, reserved 0K

Heap Regions: E=young(eden), S=young(survivor), O=old, HS=humongous(starts), HC=humongous(continues), CS=collection set, F=free, OA=open archive, CA=closed archive, TAMS=top-at-mark-start (previous, next)

Card table byte_map: [0x000002d71ae30000,0x000002d71b220000] _byte_map_base: 0x000002d71aa1a000

Marking Bits (Prev, Next): (CMBitMap*) 0x000002d707fc1860, (CMBitMap*) 0x000002d707fc18a0
 Prev Bits: [0x000002d71b610000, 0x000002d71d560000)
 Next Bits: [0x000002d71d560000, 0x000002d71f4b0000)

GC Heap History (0 events):
No events

Dll operation events (1 events):
Event: 0.025 Loaded shared library C:\Users\spraj\.jdks\jbr-17.0.9\bin\java.dll

Deoptimization events (0 events):
No events

Classes unloaded (0 events):
No events

Classes redefined (0 events):
No events

Internal exceptions (0 events):
No events

VM Operations (0 events):
No events

Events (0 events):
No events


Dynamic libraries:
0x00007ff6896f0000 - 0x00007ff6896fa000 	C:\Users\spraj\.jdks\jbr-17.0.9\bin\java.exe
0x00007ff9caa30000 - 0x00007ff9cac47000 	C:\Windows\SYSTEM32\ntdll.dll
0x00007ff9c9f10000 - 0x00007ff9c9fd4000 	C:\Windows\System32\KERNEL32.DLL
0x00007ff9c7d70000 - 0x00007ff9c8116000 	C:\Windows\System32\KERNELBASE.dll
0x00007ff9c8120000 - 0x00007ff9c8231000 	C:\Windows\System32\ucrtbase.dll
0x00007ff995bd0000 - 0x00007ff995be7000 	C:\Users\spraj\.jdks\jbr-17.0.9\bin\jli.dll
0x00007ff995b00000 - 0x00007ff995b1b000 	C:\Users\spraj\.jdks\jbr-17.0.9\bin\VCRUNTIME140.dll
0x00007ff9ca0d0000 - 0x00007ff9ca27e000 	C:\Windows\System32\USER32.dll
0x00007ff9c85c0000 - 0x00007ff9c85e6000 	C:\Windows\System32\win32u.dll
0x00007ff9c8a90000 - 0x00007ff9c8ab9000 	C:\Windows\System32\GDI32.dll
0x00007ff9c84a0000 - 0x00007ff9c85b8000 	C:\Windows\System32\gdi32full.dll
0x00007ff9c8620000 - 0x00007ff9c86ba000 	C:\Windows\System32\msvcp_win.dll
0x00007ff9b00b0000 - 0x00007ff9b0343000 	C:\Windows\WinSxS\amd64_microsoft.windows.common-controls_6595b64144ccf1df_6.0.22621.2506_none_270c5ae97388e100\COMCTL32.dll
0x00007ff9ca910000 - 0x00007ff9ca9b7000 	C:\Windows\System32\msvcrt.dll
0x00007ff9c88f0000 - 0x00007ff9c8921000 	C:\Windows\System32\IMM32.DLL
0x00007ff9aea80000 - 0x00007ff9aea8c000 	C:\Users\spraj\.jdks\jbr-17.0.9\bin\vcruntime140_1.dll
0x00007ff992960000 - 0x00007ff9929ed000 	C:\Users\spraj\.jdks\jbr-17.0.9\bin\msvcp140.dll
0x00007ff955590000 - 0x00007ff956212000 	C:\Users\spraj\.jdks\jbr-17.0.9\bin\server\jvm.dll
0x00007ff9c8830000 - 0x00007ff9c88e3000 	C:\Windows\System32\ADVAPI32.dll
0x00007ff9c9480000 - 0x00007ff9c9528000 	C:\Windows\System32\sechost.dll
0x00007ff9c85f0000 - 0x00007ff9c8618000 	C:\Windows\System32\bcrypt.dll
0x00007ff9c9df0000 - 0x00007ff9c9f07000 	C:\Windows\System32\RPCRT4.dll
0x00007ff9c7c40000 - 0x00007ff9c7c8d000 	C:\Windows\SYSTEM32\POWRPROF.dll
0x00007ff9c0250000 - 0x00007ff9c0284000 	C:\Windows\SYSTEM32\WINMM.dll
0x00007ff9c4c00000 - 0x00007ff9c4c09000 	C:\Windows\SYSTEM32\WSOCK32.dll
0x00007ff9ca410000 - 0x00007ff9ca481000 	C:\Windows\System32\WS2_32.dll
0x00007ff9c1f80000 - 0x00007ff9c1f8a000 	C:\Windows\SYSTEM32\VERSION.dll
0x00007ff9c7a70000 - 0x00007ff9c7a83000 	C:\Windows\SYSTEM32\UMPDC.dll
0x00007ff9c6d70000 - 0x00007ff9c6d88000 	C:\Windows\SYSTEM32\kernel.appcore.dll
0x00007ff9ae670000 - 0x00007ff9ae67a000 	C:\Users\spraj\.jdks\jbr-17.0.9\bin\jimage.dll
0x00007ff9c5650000 - 0x00007ff9c5883000 	C:\Windows\SYSTEM32\DBGHELP.DLL
0x00007ff9c95e0000 - 0x00007ff9c9969000 	C:\Windows\System32\combase.dll
0x00007ff9c9ff0000 - 0x00007ff9ca0c7000 	C:\Windows\System32\OLEAUT32.dll
0x00007ff9a91c0000 - 0x00007ff9a91f2000 	C:\Windows\SYSTEM32\dbgcore.DLL
0x00007ff9c8240000 - 0x00007ff9c82ba000 	C:\Windows\System32\bcryptPrimitives.dll
0x00007ff994030000 - 0x00007ff994055000 	C:\Users\spraj\.jdks\jbr-17.0.9\bin\java.dll

dbghelp: loaded successfully - version: 4.0.5 - missing functions: none
symbol engine: initialized successfully - sym options: 0x614 - pdb path: .;C:\Users\spraj\.jdks\jbr-17.0.9\bin;C:\Windows\SYSTEM32;C:\Windows\WinSxS\amd64_microsoft.windows.common-controls_6595b64144ccf1df_6.0.22621.2506_none_270c5ae97388e100;C:\Users\spraj\.jdks\jbr-17.0.9\bin\server

VM Arguments:
jvm_args: -Dfile.encoding=windows-1252 -Duser.country=IN -Duser.language=en -Duser.variant 
java_command: com.tambola.service.impl.Test
java_class_path (initial): C:\Users\spraj\Downloads\tambola (1)\tambola\build\classes\java\main;C:\Users\spraj\Downloads\tambola (1)\tambola\build\resources\main;C:\Users\spraj\.gradle\caches\modules-2\files-2.1\org.springframework.boot\spring-boot-starter-web\3.2.2\b89d213d9f49c3e6247b2503ac7d94b0ac8260f6\spring-boot-starter-web-3.2.2.jar;C:\Users\spraj\.gradle\caches\modules-2\files-2.1\org.springframework.boot\spring-boot-starter-json\3.2.2\328f5ce9e10d5f90520e72a3ff8a2586b9e46b37\spring-boot-starter-json-3.2.2.jar;C:\Users\spraj\.gradle\caches\modules-2\files-2.1\org.springframework.boot\spring-boot-starter-data-jpa\3.2.2\65cf3aad09f0218b7dfab849c9b0350d0a9e0d81\spring-boot-starter-data-jpa-3.2.2.jar;C:\Users\spraj\.gradle\caches\modules-2\files-2.1\org.springframework.boot\spring-boot-starter-aop\3.2.2\f01ecef0ce5f8d5631890a0c456a88a72323b569\spring-boot-starter-aop-3.2.2.jar;C:\Users\spraj\.gradle\caches\modules-2\files-2.1\org.springframework.boot\spring-boot-starter-jdbc\3.2.2\22ffda6938dca5f584c8b1b64e4e9096e8302c1e\spring-boot-starter-jdbc-3.2.2.jar;C:\Users\spraj\.gradle\caches\modules-2\files-2.1\org.springframework.boot\spring-boot-starter\3.2.2\dc04714f9295297f92fa8099eb51edc54dbe67db\spring-boot-starter-3.2.2.jar;C:\Users\spraj\.gradle\caches\modules-2\files-2.1\org.springframework.boot\spring-boot-starter-jetty\3.2.2\b7b88b3fbb6f9b14df3a476bee006dbabf03888d\spring-boot-starter-jetty-3.2.2.jar;C:\Users\spraj\.gradle\caches\modules-2\files-2.1\com.mysql\mysql-connector-j\8.0.33\9e64d997873abc4318620264703d3fdb6b02dd5a\mysql-connector-j-8.0.33.jar;C:\Users\spraj\.gradle\caches\modules-2\files-2.1\org.springframework.boot\spring-boot-autoconfigure\3.2.2\5c407409f8d260a4bc6e173d16fc3b36e6adec21\spring-boot-autoconfigure-3.2.2.jar;C:\Users\spraj\.gradle\caches\modules-2\files-2.1\org.springframework.boot\spring-boot\3.2.2\9f274d1bd822c4c57bb5b37ecae2380b980f567\spring-boot-3.2.2.jar;C:\Users\spraj\.gradle\caches\modules-2\files-2.1\org.springframework.bo
Launcher Type: SUN_STANDARD

[Global flags]
     intx CICompilerCount                          = 4                                         {product} {ergonomic}
     uint ConcGCThreads                            = 2                                         {product} {ergonomic}
     uint G1ConcRefinementThreads                  = 8                                         {product} {ergonomic}
   size_t G1HeapRegionSize                         = 1048576                                   {product} {ergonomic}
    uintx GCDrainStackTargetSize                   = 64                                        {product} {ergonomic}
   size_t InitialHeapSize                          = 132120576                                 {product} {ergonomic}
   size_t MarkStackSize                            = 4194304                                   {product} {ergonomic}
   size_t MaxHeapSize                              = 2101346304                                {product} {ergonomic}
   size_t MinHeapDeltaBytes                        = 1048576                                   {product} {ergonomic}
   size_t MinHeapSize                              = 8388608                                   {product} {ergonomic}
    uintx NonNMethodCodeHeapSize                   = 5839372                                {pd product} {ergonomic}
    uintx NonProfiledCodeHeapSize                  = 122909434                              {pd product} {ergonomic}
    uintx ProfiledCodeHeapSize                     = 122909434                              {pd product} {ergonomic}
    uintx ReservedCodeCacheSize                    = 251658240                              {pd product} {ergonomic}
     bool SegmentedCodeCache                       = true                                      {product} {ergonomic}
   size_t SoftMaxHeapSize                          = 2101346304                             {manageable} {ergonomic}
     bool UseCompressedClassPointers               = true                           {product lp64_product} {ergonomic}
     bool UseCompressedOops                        = true                           {product lp64_product} {ergonomic}
     bool UseG1GC                                  = true                                      {product} {ergonomic}
     bool UseLargePagesIndividualAllocation        = false                                  {pd product} {ergonomic}

Logging:
Log output configuration:
 #0: stdout all=warning uptime,level,tags
 #1: stderr all=off uptime,level,tags

Environment Variables:
JAVA_HOME=C:\Program Files\Java\jdk1.8.0_202
PATH=C:\Python312\Scripts\;C:\Python312\;C:\Program Files\Maven\apache-maven-3.9.5\bin;C:\Python311\;C:\Windows\system32;C:\Windows;C:\Windows\System32\Wbem;C:\Windows\System32\WindowsPowerShell\v1.0\;C:\Windows\System32\OpenSSH\;C:\ProgramData\chocolatey\bin;C:\Program Files\MySQL\MySQL Server 8.0\bin;C:\Program Files\Maven\apache-maven-3.9.5\bin\bin;C:\Program Files\Java\jdk1.8.0_202;C:\Program Files\Java\jdk1.8.0_202\bin;C:\Program Files\nodejs\;C:\Program Files\Git\cmd;C:\Users\spraj\Downloads\gradle-8.6-all\gradle-8.6\bin;C:\Program Files\MySQL\MySQL Shell 8.0\bin\;C:\Users\spraj\AppData\Local\Microsoft\WindowsApps;C:\Users\spraj\AppData\Local\Programs\Microsoft VS Code\bin;C:\Users\spraj\AppData\Local\JetBrains\IntelliJ IDEA Educational Edition 2021.3.4\bin;;C:\Program Files\Java\jdk1.8.0_202\bin;C:\Program Files\Maven\apache-maven-3.9.5\bin;C:\Users\spraj\AppData\Roaming\npm;C:\Users\spraj\Downloads\gradle-8.6-all.zip\gradle-8.6\bin;
USERNAME=spraj
OS=Windows_NT
PROCESSOR_IDENTIFIER=Intel64 Family 6 Model 142 Stepping 12, GenuineIntel
TMP=C:\Users\spraj\AppData\Local\Temp
TEMP=C:\Users\spraj\AppData\Local\Temp



Periodic native trim disabled

JNI global refs:
JNI global refs: 0, weak refs: 0

JNI global refs memory usage: 0, weak refs: 0

OOME stack traces (most recent first):
Classloader memory used:


---------------  S Y S T E M  ---------------

OS:
 Windows 11 , 64 bit Build 22621 (10.0.22621.3085)
OS uptime: 10 days 3:12 hours
Hyper-V role detected

CPU: total 8 (initial active 8) (4 cores per cpu, 2 threads per core) family 6 model 142 stepping 12 microcode 0xf8, cx8, cmov, fxsr, ht, mmx, 3dnowpref, sse, sse2, sse3, ssse3, sse4.1, sse4.2, popcnt, lzcnt, tsc, tscinvbit, avx, avx2, aes, erms, clmul, bmi1, bmi2, adx, fma, vzeroupper, clflush, clflushopt, hv
Processor Information for all 8 processors :
  Max Mhz: 2112, Current Mhz: 1609, Mhz Limit: 1605

Memory: 4k page, system-wide physical 8014M (758M free)
TotalPageFile size 32590M (AvailPageFile size 121M)
current process WorkingSet (physical memory assigned to process): 44M, peak: 44M
current process commit charge ("private bytes"): 93M, peak: 186M

vm_info: OpenJDK 64-Bit Server VM (17.0.9+8-b1166.2) for windows-amd64 JRE (17.0.9+8-b1166.2), built on 2024-01-13 by "builduser" with MS VC++ 16.10 / 16.11 (VS2019)

END.
